23-Mar-20 21:44:45 - Buckle up Here We Go
23-Mar-20 21:44:53 - Somthing Went Wrong with Size Checking
23-Mar-20 21:44:56 - Equal size check has been succcesful
23-Mar-20 21:44:56 - User Loaded similar sized Images Successfully and ready to proceed
23-Mar-20 21:44:56 - Equal size check has been succcesful
23-Mar-20 21:44:56 - User Loaded similar sized Images Successfully and ready to proceed
23-Mar-20 21:44:56 - Somthing Went Wrong with Size Checking
23-Mar-20 21:44:57 - Drawing has been done Successfully
23-Mar-20 21:44:58 - Drawing has been done Successfully
23-Mar-20 21:45:01 - Drawing has been done Successfully
23-Mar-20 21:45:09 - Mag or Uni mag is choosen for component one and enabling only phase or uni phase for component two
23-Mar-20 21:45:25 - Output one generated and ready to be sent to drawing function!
23-Mar-20 21:45:25 - Hooraayy- Output one has been mixed Successfully 
23-Mar-20 21:45:28 - Output one generated and ready to be sent to drawing function!
23-Mar-20 21:45:28 - Hooraayy- Output one has been mixed Successfully 
23-Mar-20 21:45:40 - Phase or Uni Phase is choosen for component one and enabling only Mag or uni Mag for component two
23-Mar-20 21:45:50 - Output one generated and ready to be sent to drawing function!
23-Mar-20 21:45:50 - Hooraayy- Output one has been mixed Successfully 
23-Mar-20 21:45:53 - Output one generated and ready to be sent to drawing function!
23-Mar-20 21:45:53 - Hooraayy- Output one has been mixed Successfully 
23-Mar-20 21:46:01 - Output two generated and ready to be sent to drawing function!
23-Mar-20 21:46:01 - Hooraayy- Output two has been mixed Successfully 
23-Mar-20 21:46:04 - Output two generated and ready to be sent to drawing function!
23-Mar-20 21:46:04 - Hooraayy- Output two has been mixed Successfully 
23-Mar-20 21:46:08 - Output two generated and ready to be sent to drawing function!
23-Mar-20 21:46:08 - Hooraayy- Output two has been mixed Successfully 
23-Mar-20 21:46:24 - Output one generated and ready to be sent to drawing function!
23-Mar-20 21:46:24 - Hooraayy- Output one has been mixed Successfully 
23-Mar-20 21:46:27 - Output one generated and ready to be sent to drawing function!
23-Mar-20 21:46:27 - Hooraayy- Output one has been mixed Successfully 
23-Mar-20 21:46:32 - Output one generated and ready to be sent to drawing function!
23-Mar-20 21:46:32 - Hooraayy- Output one has been mixed Successfully 
23-Mar-20 21:46:35 - Output one generated and ready to be sent to drawing function!
23-Mar-20 21:46:35 - Hooraayy- Output one has been mixed Successfully 
23-Mar-20 21:47:31 - Output one generated and ready to be sent to drawing function!
23-Mar-20 21:47:31 - Hooraayy- Output one has been mixed Successfully 
23-Mar-20 21:47:34 - Output one generated and ready to be sent to drawing function!
23-Mar-20 21:47:34 - Hooraayy- Output one has been mixed Successfully 
23-Mar-20 21:48:04 - Real is choosen for component one and enabling only Imaginary for component two
23-Mar-20 21:48:11 - Output one generated and ready to be sent to drawing function!
23-Mar-20 21:48:11 - Hooraayy- Output one has been mixed Successfully 
23-Mar-20 21:48:17 - Output one generated and ready to be sent to drawing function!
23-Mar-20 21:48:17 - Hooraayy- Output one has been mixed Successfully 
23-Mar-20 21:48:20 - Output one generated and ready to be sent to drawing function!
23-Mar-20 21:48:20 - Hooraayy- Output one has been mixed Successfully 
23-Mar-20 21:48:44 - Output one generated and ready to be sent to drawing function!
23-Mar-20 21:48:44 - Hooraayy- Output one has been mixed Successfully 
23-Mar-20 21:48:47 - Output one generated and ready to be sent to drawing function!
23-Mar-20 21:48:47 - Hooraayy- Output one has been mixed Successfully 
23-Mar-20 21:48:49 - Output one generated and ready to be sent to drawing function!
23-Mar-20 21:48:49 - Hooraayy- Output one has been mixed Successfully 
23-Mar-20 21:50:20 - Mag or Uni mag is choosen for component one and enabling only phase or uni phase for component two
23-Mar-20 21:50:28 - Output one generated and ready to be sent to drawing function!
23-Mar-20 21:50:28 - Hooraayy- Output one has been mixed Successfully 
23-Mar-20 21:50:31 - Output one generated and ready to be sent to drawing function!
23-Mar-20 21:50:31 - Hooraayy- Output one has been mixed Successfully 
