24-Mar-20 01:59:25 - Buckle up Here We Go
24-Mar-20 01:59:29 - Somthing Went Wrong with Size Checking, Check if you loaded to images first!
24-Mar-20 01:59:30 - Equal size check has been succcesful
24-Mar-20 01:59:30 - User Loaded similar sized Images Successfully and ready to proceed
24-Mar-20 01:59:30 - Equal size check has been succcesful
24-Mar-20 01:59:30 - User Loaded similar sized Images Successfully and ready to proceed
24-Mar-20 01:59:30 - Somthing Went Wrong with Size Checking, Check if you loaded to images first!
24-Mar-20 01:59:32 - Drawing has been done Successfully
24-Mar-20 01:59:35 - Drawing has been done Successfully
24-Mar-20 01:59:55 - Mag or Uni mag is choosen for component one and enabling only phase or uni phase for component two
24-Mar-20 01:59:57 - User Mixed between Magnitude and Phase with ratio  0.01  0.0
24-Mar-20 01:59:57 - Output one generated and ready to be sent to drawing function!
24-Mar-20 01:59:57 - Hooraayy- Output one has been mixed Successfully 
24-Mar-20 02:00:05 - User Mixed between Magnitude and Phase with ratio  0.01  0.01
24-Mar-20 02:00:05 - Output one generated and ready to be sent to drawing function!
24-Mar-20 02:00:05 - Hooraayy- Output one has been mixed Successfully 
24-Mar-20 02:00:05 - User Mixed between Magnitude and Phase with ratio  0.01  0.1
24-Mar-20 02:00:05 - Output one generated and ready to be sent to drawing function!
24-Mar-20 02:00:05 - Hooraayy- Output one has been mixed Successfully 
24-Mar-20 02:00:05 - User Mixed between Magnitude and Phase with ratio  0.01  0.13
24-Mar-20 02:00:05 - Output one generated and ready to be sent to drawing function!
24-Mar-20 02:00:05 - Hooraayy- Output one has been mixed Successfully 
24-Mar-20 02:00:05 - User Mixed between Magnitude and Phase with ratio  0.01  0.14
24-Mar-20 02:00:05 - Output one generated and ready to be sent to drawing function!
24-Mar-20 02:00:05 - Hooraayy- Output one has been mixed Successfully 
24-Mar-20 02:00:05 - User Mixed between Magnitude and Phase with ratio  0.01  0.15
24-Mar-20 02:00:05 - Output one generated and ready to be sent to drawing function!
24-Mar-20 02:00:05 - Hooraayy- Output one has been mixed Successfully 
24-Mar-20 02:00:05 - User Mixed between Magnitude and Phase with ratio  0.01  0.17
24-Mar-20 02:00:05 - Output one generated and ready to be sent to drawing function!
24-Mar-20 02:00:05 - Hooraayy- Output one has been mixed Successfully 
24-Mar-20 02:00:05 - User Mixed between Magnitude and Phase with ratio  0.01  0.23
24-Mar-20 02:00:05 - Output one generated and ready to be sent to drawing function!
24-Mar-20 02:00:05 - Hooraayy- Output one has been mixed Successfully 
24-Mar-20 02:00:05 - User Mixed between Magnitude and Phase with ratio  0.01  0.3
24-Mar-20 02:00:05 - Output one generated and ready to be sent to drawing function!
24-Mar-20 02:00:05 - Hooraayy- Output one has been mixed Successfully 
24-Mar-20 02:00:06 - User Mixed between Magnitude and Phase with ratio  0.01  0.36
24-Mar-20 02:00:06 - Output one generated and ready to be sent to drawing function!
24-Mar-20 02:00:06 - Hooraayy- Output one has been mixed Successfully 
24-Mar-20 02:00:06 - User Mixed between Magnitude and Phase with ratio  0.01  0.37
24-Mar-20 02:00:06 - Output one generated and ready to be sent to drawing function!
24-Mar-20 02:00:06 - Hooraayy- Output one has been mixed Successfully 
24-Mar-20 02:00:06 - User Mixed between Magnitude and Phase with ratio  0.01  0.38
24-Mar-20 02:00:06 - Output one generated and ready to be sent to drawing function!
24-Mar-20 02:00:06 - Hooraayy- Output one has been mixed Successfully 
24-Mar-20 02:00:06 - User Mixed between Magnitude and Phase with ratio  0.01  0.54
24-Mar-20 02:00:06 - Output one generated and ready to be sent to drawing function!
24-Mar-20 02:00:06 - Hooraayy- Output one has been mixed Successfully 
24-Mar-20 02:00:06 - User Mixed between Magnitude and Phase with ratio  0.01  0.62
24-Mar-20 02:00:06 - Output one generated and ready to be sent to drawing function!
24-Mar-20 02:00:06 - Hooraayy- Output one has been mixed Successfully 
24-Mar-20 02:00:06 - User Mixed between Magnitude and Phase with ratio  0.01  0.71
24-Mar-20 02:00:06 - Output one generated and ready to be sent to drawing function!
24-Mar-20 02:00:06 - Hooraayy- Output one has been mixed Successfully 
24-Mar-20 02:00:06 - User Mixed between Magnitude and Phase with ratio  0.01  0.74
24-Mar-20 02:00:06 - Output one generated and ready to be sent to drawing function!
24-Mar-20 02:00:06 - Hooraayy- Output one has been mixed Successfully 
24-Mar-20 02:00:07 - User Mixed between Magnitude and Phase with ratio  0.01  0.75
24-Mar-20 02:00:07 - Output one generated and ready to be sent to drawing function!
24-Mar-20 02:00:07 - Hooraayy- Output one has been mixed Successfully 
24-Mar-20 02:00:10 - User Mixed between Magnitude and Phase with ratio  0.02  0.75
24-Mar-20 02:00:10 - Output two generated and ready to be sent to drawing function!
24-Mar-20 02:00:10 - Hooraayy- Output two has been mixed Successfully 
24-Mar-20 02:00:10 - User Mixed between Magnitude and Phase with ratio  0.13  0.75
24-Mar-20 02:00:10 - Output two generated and ready to be sent to drawing function!
24-Mar-20 02:00:10 - Hooraayy- Output two has been mixed Successfully 
24-Mar-20 02:00:10 - User Mixed between Magnitude and Phase with ratio  0.24  0.75
24-Mar-20 02:00:10 - Output two generated and ready to be sent to drawing function!
24-Mar-20 02:00:10 - Hooraayy- Output two has been mixed Successfully 
24-Mar-20 02:00:10 - User Mixed between Magnitude and Phase with ratio  0.31  0.75
24-Mar-20 02:00:10 - Output two generated and ready to be sent to drawing function!
24-Mar-20 02:00:10 - Hooraayy- Output two has been mixed Successfully 
24-Mar-20 02:00:10 - User Mixed between Magnitude and Phase with ratio  0.43  0.75
24-Mar-20 02:00:10 - Output two generated and ready to be sent to drawing function!
24-Mar-20 02:00:10 - Hooraayy- Output two has been mixed Successfully 
24-Mar-20 02:00:10 - User Mixed between Magnitude and Phase with ratio  0.52  0.75
24-Mar-20 02:00:10 - Output two generated and ready to be sent to drawing function!
24-Mar-20 02:00:10 - Hooraayy- Output two has been mixed Successfully 
24-Mar-20 02:00:10 - User Mixed between Magnitude and Phase with ratio  0.58  0.75
24-Mar-20 02:00:10 - Output two generated and ready to be sent to drawing function!
24-Mar-20 02:00:10 - Hooraayy- Output two has been mixed Successfully 
24-Mar-20 02:00:11 - User Mixed between Magnitude and Phase with ratio  0.59  0.75
24-Mar-20 02:00:11 - Output two generated and ready to be sent to drawing function!
24-Mar-20 02:00:11 - Hooraayy- Output two has been mixed Successfully 
24-Mar-20 02:00:11 - User Mixed between Magnitude and Phase with ratio  0.64  0.75
24-Mar-20 02:00:11 - Output two generated and ready to be sent to drawing function!
24-Mar-20 02:00:11 - Hooraayy- Output two has been mixed Successfully 
24-Mar-20 02:00:11 - User Mixed between Magnitude and Phase with ratio  0.76  0.75
24-Mar-20 02:00:11 - Output two generated and ready to be sent to drawing function!
24-Mar-20 02:00:11 - Hooraayy- Output two has been mixed Successfully 
24-Mar-20 02:00:11 - User Mixed between Magnitude and Phase with ratio  0.86  0.75
24-Mar-20 02:00:11 - Output two generated and ready to be sent to drawing function!
24-Mar-20 02:00:11 - Hooraayy- Output two has been mixed Successfully 
24-Mar-20 02:00:11 - User Mixed between Magnitude and Phase with ratio  0.9  0.75
24-Mar-20 02:00:11 - Output two generated and ready to be sent to drawing function!
24-Mar-20 02:00:11 - Hooraayy- Output two has been mixed Successfully 
24-Mar-20 02:00:11 - User Mixed between Magnitude and Phase with ratio  0.94  0.75
24-Mar-20 02:00:11 - Output two generated and ready to be sent to drawing function!
24-Mar-20 02:00:11 - Hooraayy- Output two has been mixed Successfully 
24-Mar-20 02:00:16 - Real is choosen for component one and enabling only Imaginary for component two
24-Mar-20 02:00:18 - Output one generated and ready to be sent to drawing function!
24-Mar-20 02:00:18 - Hooraayy- Output one has been mixed Successfully 
24-Mar-20 02:00:18 - Output one generated and ready to be sent to drawing function!
24-Mar-20 02:00:18 - Hooraayy- Output one has been mixed Successfully 
24-Mar-20 02:00:18 - Output one generated and ready to be sent to drawing function!
24-Mar-20 02:00:18 - Hooraayy- Output one has been mixed Successfully 
24-Mar-20 02:00:19 - Output one generated and ready to be sent to drawing function!
24-Mar-20 02:00:19 - Hooraayy- Output one has been mixed Successfully 
24-Mar-20 02:00:19 - Output one generated and ready to be sent to drawing function!
24-Mar-20 02:00:19 - Hooraayy- Output one has been mixed Successfully 
24-Mar-20 02:00:19 - Output one generated and ready to be sent to drawing function!
24-Mar-20 02:00:19 - Hooraayy- Output one has been mixed Successfully 
24-Mar-20 02:00:19 - Output one generated and ready to be sent to drawing function!
24-Mar-20 02:00:19 - Hooraayy- Output one has been mixed Successfully 
24-Mar-20 02:00:19 - Output one generated and ready to be sent to drawing function!
24-Mar-20 02:00:19 - Hooraayy- Output one has been mixed Successfully 
24-Mar-20 02:00:19 - Output one generated and ready to be sent to drawing function!
24-Mar-20 02:00:19 - Hooraayy- Output one has been mixed Successfully 
24-Mar-20 02:00:19 - Output one generated and ready to be sent to drawing function!
24-Mar-20 02:00:19 - Hooraayy- Output one has been mixed Successfully 
24-Mar-20 02:00:20 - Output one generated and ready to be sent to drawing function!
24-Mar-20 02:00:20 - Hooraayy- Output one has been mixed Successfully 
24-Mar-20 02:00:20 - Output one generated and ready to be sent to drawing function!
24-Mar-20 02:00:20 - Hooraayy- Output one has been mixed Successfully 
24-Mar-20 02:00:20 - Output one generated and ready to be sent to drawing function!
24-Mar-20 02:00:20 - Hooraayy- Output one has been mixed Successfully 
24-Mar-20 02:00:20 - Output one generated and ready to be sent to drawing function!
24-Mar-20 02:00:20 - Hooraayy- Output one has been mixed Successfully 
24-Mar-20 02:00:20 - Output one generated and ready to be sent to drawing function!
24-Mar-20 02:00:20 - Hooraayy- Output one has been mixed Successfully 
24-Mar-20 02:00:20 - Output one generated and ready to be sent to drawing function!
24-Mar-20 02:00:20 - Hooraayy- Output one has been mixed Successfully 
24-Mar-20 02:00:21 - Output one generated and ready to be sent to drawing function!
24-Mar-20 02:00:21 - Hooraayy- Output one has been mixed Successfully 
24-Mar-20 02:00:21 - Output one generated and ready to be sent to drawing function!
24-Mar-20 02:00:21 - Hooraayy- Output one has been mixed Successfully 
24-Mar-20 02:00:21 - Output one generated and ready to be sent to drawing function!
24-Mar-20 02:00:21 - Hooraayy- Output one has been mixed Successfully 
24-Mar-20 02:00:21 - Output one generated and ready to be sent to drawing function!
24-Mar-20 02:00:21 - Hooraayy- Output one has been mixed Successfully 
24-Mar-20 02:00:21 - Output one generated and ready to be sent to drawing function!
24-Mar-20 02:00:21 - Hooraayy- Output one has been mixed Successfully 
24-Mar-20 02:00:21 - Output one generated and ready to be sent to drawing function!
24-Mar-20 02:00:21 - Hooraayy- Output one has been mixed Successfully 
24-Mar-20 02:00:21 - Output one generated and ready to be sent to drawing function!
24-Mar-20 02:00:21 - Hooraayy- Output one has been mixed Successfully 
24-Mar-20 02:00:21 - Output one generated and ready to be sent to drawing function!
24-Mar-20 02:00:21 - Hooraayy- Output one has been mixed Successfully 
24-Mar-20 02:00:21 - Output one generated and ready to be sent to drawing function!
24-Mar-20 02:00:21 - Hooraayy- Output one has been mixed Successfully 
24-Mar-20 02:00:21 - Output one generated and ready to be sent to drawing function!
24-Mar-20 02:00:21 - Hooraayy- Output one has been mixed Successfully 
24-Mar-20 02:00:21 - Output one generated and ready to be sent to drawing function!
24-Mar-20 02:00:21 - Hooraayy- Output one has been mixed Successfully 
24-Mar-20 02:00:22 - Output one generated and ready to be sent to drawing function!
24-Mar-20 02:00:22 - Hooraayy- Output one has been mixed Successfully 
24-Mar-20 02:00:22 - Output one generated and ready to be sent to drawing function!
24-Mar-20 02:00:22 - Hooraayy- Output one has been mixed Successfully 
24-Mar-20 02:00:22 - Output one generated and ready to be sent to drawing function!
24-Mar-20 02:00:22 - Hooraayy- Output one has been mixed Successfully 
24-Mar-20 02:00:22 - Output one generated and ready to be sent to drawing function!
24-Mar-20 02:00:22 - Hooraayy- Output one has been mixed Successfully 
24-Mar-20 02:00:27 - Mag or Uni mag is choosen for component one and enabling only phase or uni phase for component two
24-Mar-20 02:00:29 - User Mixed between Magnitude and Phase with ratio  0.21  0.29
24-Mar-20 02:00:29 - Output two generated and ready to be sent to drawing function!
24-Mar-20 02:00:29 - Hooraayy- Output two has been mixed Successfully 
24-Mar-20 02:00:30 - User Mixed between Magnitude and Phase with ratio  0.21  0.42
24-Mar-20 02:00:30 - Output two generated and ready to be sent to drawing function!
24-Mar-20 02:00:30 - Hooraayy- Output two has been mixed Successfully 
24-Mar-20 02:00:30 - User Mixed between Magnitude and Phase with ratio  0.21  0.46
24-Mar-20 02:00:30 - Output two generated and ready to be sent to drawing function!
24-Mar-20 02:00:30 - Hooraayy- Output two has been mixed Successfully 
24-Mar-20 02:00:30 - User Mixed between Magnitude and Phase with ratio  0.21  0.49
24-Mar-20 02:00:30 - Output two generated and ready to be sent to drawing function!
24-Mar-20 02:00:30 - Hooraayy- Output two has been mixed Successfully 
24-Mar-20 02:00:30 - User Mixed between Magnitude and Phase with ratio  0.21  0.58
24-Mar-20 02:00:30 - Output two generated and ready to be sent to drawing function!
24-Mar-20 02:00:30 - Hooraayy- Output two has been mixed Successfully 
24-Mar-20 02:00:30 - User Mixed between Magnitude and Phase with ratio  0.21  0.67
24-Mar-20 02:00:30 - Output two generated and ready to be sent to drawing function!
24-Mar-20 02:00:30 - Hooraayy- Output two has been mixed Successfully 
24-Mar-20 02:00:30 - User Mixed between Magnitude and Phase with ratio  0.21  0.78
24-Mar-20 02:00:30 - Output two generated and ready to be sent to drawing function!
24-Mar-20 02:00:30 - Hooraayy- Output two has been mixed Successfully 
24-Mar-20 02:00:30 - User Mixed between Magnitude and Phase with ratio  0.21  0.86
24-Mar-20 02:00:30 - Output two generated and ready to be sent to drawing function!
24-Mar-20 02:00:30 - Hooraayy- Output two has been mixed Successfully 
24-Mar-20 02:00:30 - User Mixed between Magnitude and Phase with ratio  0.21  0.92
24-Mar-20 02:00:30 - Output two generated and ready to be sent to drawing function!
24-Mar-20 02:00:30 - Hooraayy- Output two has been mixed Successfully 
24-Mar-20 02:00:30 - User Mixed between Magnitude and Phase with ratio  0.21  0.95
24-Mar-20 02:00:30 - Output two generated and ready to be sent to drawing function!
24-Mar-20 02:00:30 - Hooraayy- Output two has been mixed Successfully 
24-Mar-20 02:00:30 - User Mixed between Magnitude and Phase with ratio  0.21  1.0
24-Mar-20 02:00:30 - Output two generated and ready to be sent to drawing function!
24-Mar-20 02:00:31 - Hooraayy- Output two has been mixed Successfully 
24-Mar-20 02:00:32 - User Mixed between Magnitude and Phase with ratio  0.22  1.0
24-Mar-20 02:00:32 - Output two generated and ready to be sent to drawing function!
24-Mar-20 02:00:32 - Hooraayy- Output two has been mixed Successfully 
24-Mar-20 02:00:32 - User Mixed between Magnitude and Phase with ratio  0.32  1.0
24-Mar-20 02:00:32 - Output two generated and ready to be sent to drawing function!
24-Mar-20 02:00:32 - Hooraayy- Output two has been mixed Successfully 
24-Mar-20 02:00:32 - User Mixed between Magnitude and Phase with ratio  0.41  1.0
24-Mar-20 02:00:32 - Output two generated and ready to be sent to drawing function!
24-Mar-20 02:00:32 - Hooraayy- Output two has been mixed Successfully 
24-Mar-20 02:00:32 - User Mixed between Magnitude and Phase with ratio  0.5  1.0
24-Mar-20 02:00:32 - Output two generated and ready to be sent to drawing function!
24-Mar-20 02:00:32 - Hooraayy- Output two has been mixed Successfully 
24-Mar-20 02:00:32 - User Mixed between Magnitude and Phase with ratio  0.63  1.0
24-Mar-20 02:00:32 - Output two generated and ready to be sent to drawing function!
24-Mar-20 02:00:32 - Hooraayy- Output two has been mixed Successfully 
24-Mar-20 02:00:32 - User Mixed between Magnitude and Phase with ratio  0.73  1.0
24-Mar-20 02:00:32 - Output two generated and ready to be sent to drawing function!
24-Mar-20 02:00:32 - Hooraayy- Output two has been mixed Successfully 
24-Mar-20 02:00:32 - User Mixed between Magnitude and Phase with ratio  0.81  1.0
24-Mar-20 02:00:32 - Output two generated and ready to be sent to drawing function!
24-Mar-20 02:00:32 - Hooraayy- Output two has been mixed Successfully 
24-Mar-20 02:00:33 - User Mixed between Magnitude and Phase with ratio  0.8  1.0
24-Mar-20 02:00:33 - Output two generated and ready to be sent to drawing function!
24-Mar-20 02:00:33 - Hooraayy- Output two has been mixed Successfully 
24-Mar-20 02:00:33 - User Mixed between Magnitude and Phase with ratio  0.67  1.0
24-Mar-20 02:00:33 - Output two generated and ready to be sent to drawing function!
24-Mar-20 02:00:33 - Hooraayy- Output two has been mixed Successfully 
24-Mar-20 02:00:33 - User Mixed between Magnitude and Phase with ratio  0.44  1.0
24-Mar-20 02:00:33 - Output two generated and ready to be sent to drawing function!
24-Mar-20 02:00:33 - Hooraayy- Output two has been mixed Successfully 
24-Mar-20 02:00:33 - User Mixed between Magnitude and Phase with ratio  0.26  1.0
24-Mar-20 02:00:33 - Output two generated and ready to be sent to drawing function!
24-Mar-20 02:00:33 - Hooraayy- Output two has been mixed Successfully 
24-Mar-20 02:00:33 - User Mixed between Magnitude and Phase with ratio  0.14  1.0
24-Mar-20 02:00:33 - Output two generated and ready to be sent to drawing function!
24-Mar-20 02:00:33 - Hooraayy- Output two has been mixed Successfully 
24-Mar-20 02:00:33 - User Mixed between Magnitude and Phase with ratio  0.07  1.0
24-Mar-20 02:00:33 - Output two generated and ready to be sent to drawing function!
24-Mar-20 02:00:33 - Hooraayy- Output two has been mixed Successfully 
24-Mar-20 02:00:33 - User Mixed between Magnitude and Phase with ratio  0.11  1.0
24-Mar-20 02:00:33 - Output two generated and ready to be sent to drawing function!
24-Mar-20 02:00:33 - Hooraayy- Output two has been mixed Successfully 
24-Mar-20 02:00:33 - User Mixed between Magnitude and Phase with ratio  0.28  1.0
24-Mar-20 02:00:33 - Output two generated and ready to be sent to drawing function!
24-Mar-20 02:00:33 - Hooraayy- Output two has been mixed Successfully 
24-Mar-20 02:00:33 - User Mixed between Magnitude and Phase with ratio  0.44  1.0
24-Mar-20 02:00:33 - Output two generated and ready to be sent to drawing function!
24-Mar-20 02:00:33 - Hooraayy- Output two has been mixed Successfully 
24-Mar-20 02:00:34 - User Mixed between Magnitude and Phase with ratio  0.62  1.0
24-Mar-20 02:00:34 - Output two generated and ready to be sent to drawing function!
24-Mar-20 02:00:34 - Hooraayy- Output two has been mixed Successfully 
24-Mar-20 02:00:34 - User Mixed between Magnitude and Phase with ratio  0.7  1.0
24-Mar-20 02:00:34 - Output two generated and ready to be sent to drawing function!
24-Mar-20 02:00:34 - Hooraayy- Output two has been mixed Successfully 
24-Mar-20 02:00:36 - User Mixed between Magnitude and Phase with ratio  0.7  0.99
24-Mar-20 02:00:36 - Output two generated and ready to be sent to drawing function!
24-Mar-20 02:00:36 - Hooraayy- Output two has been mixed Successfully 
24-Mar-20 02:00:36 - User Mixed between Magnitude and Phase with ratio  0.7  0.8
24-Mar-20 02:00:36 - Output two generated and ready to be sent to drawing function!
24-Mar-20 02:00:36 - Hooraayy- Output two has been mixed Successfully 
24-Mar-20 02:00:36 - User Mixed between Magnitude and Phase with ratio  0.7  0.64
24-Mar-20 02:00:36 - Output two generated and ready to be sent to drawing function!
24-Mar-20 02:00:37 - Hooraayy- Output two has been mixed Successfully 
24-Mar-20 02:00:37 - User Mixed between Magnitude and Phase with ratio  0.7  0.52
24-Mar-20 02:00:37 - Output two generated and ready to be sent to drawing function!
24-Mar-20 02:00:37 - Hooraayy- Output two has been mixed Successfully 
24-Mar-20 02:00:37 - User Mixed between Magnitude and Phase with ratio  0.7  0.41
24-Mar-20 02:00:37 - Output two generated and ready to be sent to drawing function!
24-Mar-20 02:00:37 - Hooraayy- Output two has been mixed Successfully 
24-Mar-20 02:00:37 - User Mixed between Magnitude and Phase with ratio  0.7  0.37
24-Mar-20 02:00:37 - Output two generated and ready to be sent to drawing function!
24-Mar-20 02:00:37 - Hooraayy- Output two has been mixed Successfully 
24-Mar-20 02:00:37 - User Mixed between Magnitude and Phase with ratio  0.7  0.32
24-Mar-20 02:00:37 - Output two generated and ready to be sent to drawing function!
24-Mar-20 02:00:37 - Hooraayy- Output two has been mixed Successfully 
24-Mar-20 02:00:37 - User Mixed between Magnitude and Phase with ratio  0.7  0.27
24-Mar-20 02:00:37 - Output two generated and ready to be sent to drawing function!
24-Mar-20 02:00:37 - Hooraayy- Output two has been mixed Successfully 
24-Mar-20 02:00:37 - User Mixed between Magnitude and Phase with ratio  0.7  0.29
24-Mar-20 02:00:37 - Output two generated and ready to be sent to drawing function!
24-Mar-20 02:00:37 - Hooraayy- Output two has been mixed Successfully 
24-Mar-20 02:00:37 - User Mixed between Magnitude and Phase with ratio  0.7  0.43
24-Mar-20 02:00:37 - Output two generated and ready to be sent to drawing function!
24-Mar-20 02:00:37 - Hooraayy- Output two has been mixed Successfully 
24-Mar-20 02:00:38 - User Mixed between Magnitude and Phase with ratio  0.7  0.57
24-Mar-20 02:00:38 - Output two generated and ready to be sent to drawing function!
24-Mar-20 02:00:38 - Hooraayy- Output two has been mixed Successfully 
24-Mar-20 02:00:38 - User Mixed between Magnitude and Phase with ratio  0.7  0.66
24-Mar-20 02:00:38 - Output two generated and ready to be sent to drawing function!
24-Mar-20 02:00:38 - Hooraayy- Output two has been mixed Successfully 
24-Mar-20 02:00:38 - User Mixed between Magnitude and Phase with ratio  0.7  0.74
24-Mar-20 02:00:38 - Output two generated and ready to be sent to drawing function!
24-Mar-20 02:00:38 - Hooraayy- Output two has been mixed Successfully 
24-Mar-20 02:00:38 - User Mixed between Magnitude and Phase with ratio  0.7  0.81
24-Mar-20 02:00:38 - Output two generated and ready to be sent to drawing function!
24-Mar-20 02:00:38 - Hooraayy- Output two has been mixed Successfully 
24-Mar-20 02:00:38 - User Mixed between Magnitude and Phase with ratio  0.7  0.88
24-Mar-20 02:00:38 - Output two generated and ready to be sent to drawing function!
24-Mar-20 02:00:38 - Hooraayy- Output two has been mixed Successfully 
24-Mar-20 02:00:38 - User Mixed between Magnitude and Phase with ratio  0.7  0.95
24-Mar-20 02:00:38 - Output two generated and ready to be sent to drawing function!
24-Mar-20 02:00:38 - Hooraayy- Output two has been mixed Successfully 
24-Mar-20 02:00:38 - User Mixed between Magnitude and Phase with ratio  0.7  1.0
24-Mar-20 02:00:38 - Output two generated and ready to be sent to drawing function!
24-Mar-20 02:00:38 - Hooraayy- Output two has been mixed Successfully 
24-Mar-20 02:00:38 - User Mixed between Magnitude and Phase with ratio  0.7  0.99
24-Mar-20 02:00:38 - Output two generated and ready to be sent to drawing function!
24-Mar-20 02:00:38 - Hooraayy- Output two has been mixed Successfully 
24-Mar-20 02:00:39 - User Mixed between Magnitude and Phase with ratio  0.7  0.88
24-Mar-20 02:00:39 - Output two generated and ready to be sent to drawing function!
24-Mar-20 02:00:39 - Hooraayy- Output two has been mixed Successfully 
24-Mar-20 02:00:39 - User Mixed between Magnitude and Phase with ratio  0.7  0.56
24-Mar-20 02:00:39 - Output two generated and ready to be sent to drawing function!
24-Mar-20 02:00:39 - Hooraayy- Output two has been mixed Successfully 
24-Mar-20 02:00:39 - User Mixed between Magnitude and Phase with ratio  0.7  0.55
24-Mar-20 02:00:39 - Output two generated and ready to be sent to drawing function!
24-Mar-20 02:00:39 - Hooraayy- Output two has been mixed Successfully 
24-Mar-20 02:00:39 - User Mixed between Magnitude and Phase with ratio  0.7  0.22
24-Mar-20 02:00:39 - Output two generated and ready to be sent to drawing function!
24-Mar-20 02:00:39 - Hooraayy- Output two has been mixed Successfully 
24-Mar-20 02:00:39 - User Mixed between Magnitude and Phase with ratio  0.7  0.18
24-Mar-20 02:00:39 - Output two generated and ready to be sent to drawing function!
24-Mar-20 02:00:39 - Hooraayy- Output two has been mixed Successfully 
24-Mar-20 02:00:39 - User Mixed between Magnitude and Phase with ratio  0.7  0.17
24-Mar-20 02:00:39 - Output two generated and ready to be sent to drawing function!
24-Mar-20 02:00:39 - Hooraayy- Output two has been mixed Successfully 
24-Mar-20 02:00:39 - User Mixed between Magnitude and Phase with ratio  0.7  0.16
24-Mar-20 02:00:39 - Output two generated and ready to be sent to drawing function!
24-Mar-20 02:00:39 - Hooraayy- Output two has been mixed Successfully 
24-Mar-20 02:00:40 - User Mixed between Magnitude and Phase with ratio  0.7  0.17
24-Mar-20 02:00:40 - Output two generated and ready to be sent to drawing function!
24-Mar-20 02:00:40 - Hooraayy- Output two has been mixed Successfully 
24-Mar-20 02:00:40 - User Mixed between Magnitude and Phase with ratio  0.7  0.18
24-Mar-20 02:00:40 - Output two generated and ready to be sent to drawing function!
24-Mar-20 02:00:40 - Hooraayy- Output two has been mixed Successfully 
24-Mar-20 02:00:40 - User Mixed between Magnitude and Phase with ratio  0.7  0.2
24-Mar-20 02:00:40 - Output two generated and ready to be sent to drawing function!
24-Mar-20 02:00:40 - Hooraayy- Output two has been mixed Successfully 
24-Mar-20 02:00:40 - User Mixed between Magnitude and Phase with ratio  0.7  0.24
24-Mar-20 02:00:40 - Output two generated and ready to be sent to drawing function!
24-Mar-20 02:00:40 - Hooraayy- Output two has been mixed Successfully 
24-Mar-20 02:00:40 - User Mixed between Magnitude and Phase with ratio  0.7  0.38
24-Mar-20 02:00:40 - Output two generated and ready to be sent to drawing function!
24-Mar-20 02:00:40 - Hooraayy- Output two has been mixed Successfully 
24-Mar-20 02:00:40 - User Mixed between Magnitude and Phase with ratio  0.7  0.48
24-Mar-20 02:00:40 - Output two generated and ready to be sent to drawing function!
24-Mar-20 02:00:40 - Hooraayy- Output two has been mixed Successfully 
24-Mar-20 02:00:40 - User Mixed between Magnitude and Phase with ratio  0.7  0.57
24-Mar-20 02:00:40 - Output two generated and ready to be sent to drawing function!
24-Mar-20 02:00:40 - Hooraayy- Output two has been mixed Successfully 
24-Mar-20 02:00:41 - User Mixed between Magnitude and Phase with ratio  0.7  0.62
24-Mar-20 02:00:41 - Output two generated and ready to be sent to drawing function!
24-Mar-20 02:00:41 - Hooraayy- Output two has been mixed Successfully 
24-Mar-20 02:00:41 - User Mixed between Magnitude and Phase with ratio  0.7  0.63
24-Mar-20 02:00:41 - Output two generated and ready to be sent to drawing function!
24-Mar-20 02:00:41 - Hooraayy- Output two has been mixed Successfully 
24-Mar-20 02:00:44 - Phase or Uni Phase is choosen for component one and enabling only Mag or uni Mag for component two
24-Mar-20 02:00:48 - User Mixed between Magnitude and Phase with ratio  0.63  0.69
24-Mar-20 02:00:48 - Output two generated and ready to be sent to drawing function!
24-Mar-20 02:00:48 - Hooraayy- Output two has been mixed Successfully 
24-Mar-20 02:00:48 - User Mixed between Magnitude and Phase with ratio  0.63  0.46
24-Mar-20 02:00:48 - Output two generated and ready to be sent to drawing function!
24-Mar-20 02:00:48 - Hooraayy- Output two has been mixed Successfully 
24-Mar-20 02:00:48 - User Mixed between Magnitude and Phase with ratio  0.63  0.3
24-Mar-20 02:00:48 - Output two generated and ready to be sent to drawing function!
24-Mar-20 02:00:48 - Hooraayy- Output two has been mixed Successfully 
24-Mar-20 02:00:49 - User Mixed between Magnitude and Phase with ratio  0.63  0.2
24-Mar-20 02:00:49 - Output two generated and ready to be sent to drawing function!
24-Mar-20 02:00:49 - Hooraayy- Output two has been mixed Successfully 
24-Mar-20 02:00:49 - User Mixed between Magnitude and Phase with ratio  0.63  0.13
24-Mar-20 02:00:49 - Output two generated and ready to be sent to drawing function!
24-Mar-20 02:00:49 - Hooraayy- Output two has been mixed Successfully 
24-Mar-20 02:00:49 - User Mixed between Magnitude and Phase with ratio  0.63  0.09
24-Mar-20 02:00:49 - Output two generated and ready to be sent to drawing function!
24-Mar-20 02:00:49 - Hooraayy- Output two has been mixed Successfully 
24-Mar-20 02:00:49 - User Mixed between Magnitude and Phase with ratio  0.63  0.1
24-Mar-20 02:00:49 - Output two generated and ready to be sent to drawing function!
24-Mar-20 02:00:49 - Hooraayy- Output two has been mixed Successfully 
24-Mar-20 02:00:49 - User Mixed between Magnitude and Phase with ratio  0.63  0.11
24-Mar-20 02:00:49 - Output two generated and ready to be sent to drawing function!
24-Mar-20 02:00:49 - Hooraayy- Output two has been mixed Successfully 
24-Mar-20 02:00:49 - User Mixed between Magnitude and Phase with ratio  0.63  0.12
24-Mar-20 02:00:49 - Output two generated and ready to be sent to drawing function!
24-Mar-20 02:00:49 - Hooraayy- Output two has been mixed Successfully 
24-Mar-20 02:00:50 - User Mixed between Magnitude and Phase with ratio  0.63  0.19
24-Mar-20 02:00:50 - Output two generated and ready to be sent to drawing function!
24-Mar-20 02:00:50 - Hooraayy- Output two has been mixed Successfully 
24-Mar-20 02:00:50 - User Mixed between Magnitude and Phase with ratio  0.63  0.29
24-Mar-20 02:00:50 - Output two generated and ready to be sent to drawing function!
24-Mar-20 02:00:50 - Hooraayy- Output two has been mixed Successfully 
24-Mar-20 02:00:50 - User Mixed between Magnitude and Phase with ratio  0.63  0.49
24-Mar-20 02:00:50 - Output two generated and ready to be sent to drawing function!
24-Mar-20 02:00:50 - Hooraayy- Output two has been mixed Successfully 
24-Mar-20 02:00:50 - User Mixed between Magnitude and Phase with ratio  0.63  0.62
24-Mar-20 02:00:50 - Output two generated and ready to be sent to drawing function!
24-Mar-20 02:00:50 - Hooraayy- Output two has been mixed Successfully 
24-Mar-20 02:00:50 - User Mixed between Magnitude and Phase with ratio  0.63  0.68
24-Mar-20 02:00:50 - Output two generated and ready to be sent to drawing function!
24-Mar-20 02:00:50 - Hooraayy- Output two has been mixed Successfully 
24-Mar-20 02:00:50 - User Mixed between Magnitude and Phase with ratio  0.63  0.73
24-Mar-20 02:00:50 - Output two generated and ready to be sent to drawing function!
24-Mar-20 02:00:50 - Hooraayy- Output two has been mixed Successfully 
24-Mar-20 02:00:51 - User Mixed between Magnitude and Phase with ratio  0.62  0.73
24-Mar-20 02:00:51 - Output two generated and ready to be sent to drawing function!
24-Mar-20 02:00:51 - Hooraayy- Output two has been mixed Successfully 
24-Mar-20 02:00:51 - User Mixed between Magnitude and Phase with ratio  0.42  0.73
24-Mar-20 02:00:51 - Output two generated and ready to be sent to drawing function!
24-Mar-20 02:00:51 - Hooraayy- Output two has been mixed Successfully 
24-Mar-20 02:00:51 - User Mixed between Magnitude and Phase with ratio  0.17  0.73
24-Mar-20 02:00:51 - Output two generated and ready to be sent to drawing function!
24-Mar-20 02:00:51 - Hooraayy- Output two has been mixed Successfully 
24-Mar-20 02:00:51 - User Mixed between Magnitude and Phase with ratio  0.04  0.73
24-Mar-20 02:00:51 - Output two generated and ready to be sent to drawing function!
24-Mar-20 02:00:51 - Hooraayy- Output two has been mixed Successfully 
24-Mar-20 02:00:52 - User Mixed between Magnitude and Phase with ratio  0.0  0.73
24-Mar-20 02:00:52 - Output two generated and ready to be sent to drawing function!
24-Mar-20 02:00:52 - Hooraayy- Output two has been mixed Successfully 
24-Mar-20 02:00:52 - User Mixed between Magnitude and Phase with ratio  0.03  0.73
24-Mar-20 02:00:52 - Output two generated and ready to be sent to drawing function!
24-Mar-20 02:00:52 - Hooraayy- Output two has been mixed Successfully 
24-Mar-20 02:00:52 - User Mixed between Magnitude and Phase with ratio  0.16  0.73
24-Mar-20 02:00:52 - Output two generated and ready to be sent to drawing function!
24-Mar-20 02:00:52 - Hooraayy- Output two has been mixed Successfully 
24-Mar-20 02:00:52 - User Mixed between Magnitude and Phase with ratio  0.46  0.73
24-Mar-20 02:00:52 - Output two generated and ready to be sent to drawing function!
24-Mar-20 02:00:52 - Hooraayy- Output two has been mixed Successfully 
24-Mar-20 02:00:52 - User Mixed between Magnitude and Phase with ratio  0.73  0.73
24-Mar-20 02:00:52 - Output two generated and ready to be sent to drawing function!
24-Mar-20 02:00:52 - Hooraayy- Output two has been mixed Successfully 
24-Mar-20 02:00:52 - User Mixed between Magnitude and Phase with ratio  0.88  0.73
24-Mar-20 02:00:52 - Output two generated and ready to be sent to drawing function!
24-Mar-20 02:00:52 - Hooraayy- Output two has been mixed Successfully 
24-Mar-20 02:00:52 - User Mixed between Magnitude and Phase with ratio  0.96  0.73
24-Mar-20 02:00:52 - Output two generated and ready to be sent to drawing function!
24-Mar-20 02:00:52 - Hooraayy- Output two has been mixed Successfully 
24-Mar-20 02:00:53 - User Mixed between Magnitude and Phase with ratio  1.0  0.73
24-Mar-20 02:00:53 - Output two generated and ready to be sent to drawing function!
24-Mar-20 02:00:53 - Hooraayy- Output two has been mixed Successfully 
24-Mar-20 02:00:53 - User Mixed between Magnitude and Phase with ratio  0.99  0.73
24-Mar-20 02:00:53 - Output two generated and ready to be sent to drawing function!
24-Mar-20 02:00:53 - Hooraayy- Output two has been mixed Successfully 
24-Mar-20 02:00:53 - User Mixed between Magnitude and Phase with ratio  0.76  0.73
24-Mar-20 02:00:53 - Output two generated and ready to be sent to drawing function!
24-Mar-20 02:00:53 - Hooraayy- Output two has been mixed Successfully 
24-Mar-20 02:00:53 - User Mixed between Magnitude and Phase with ratio  0.37  0.73
24-Mar-20 02:00:53 - Output two generated and ready to be sent to drawing function!
24-Mar-20 02:00:53 - Hooraayy- Output two has been mixed Successfully 
24-Mar-20 02:00:53 - User Mixed between Magnitude and Phase with ratio  0.35  0.73
24-Mar-20 02:00:53 - Output two generated and ready to be sent to drawing function!
24-Mar-20 02:00:53 - Hooraayy- Output two has been mixed Successfully 
24-Mar-20 02:00:54 - User Mixed between Magnitude and Phase with ratio  0.03  0.73
24-Mar-20 02:00:54 - Output two generated and ready to be sent to drawing function!
24-Mar-20 02:00:54 - Hooraayy- Output two has been mixed Successfully 
24-Mar-20 02:00:54 - User Mixed between Magnitude and Phase with ratio  0.0  0.73
24-Mar-20 02:00:54 - Output two generated and ready to be sent to drawing function!
24-Mar-20 02:00:54 - Hooraayy- Output two has been mixed Successfully 
24-Mar-20 02:00:54 - User Mixed between Magnitude and Phase with ratio  0.01  0.73
24-Mar-20 02:00:54 - Output two generated and ready to be sent to drawing function!
24-Mar-20 02:00:54 - Hooraayy- Output two has been mixed Successfully 
24-Mar-20 02:00:54 - User Mixed between Magnitude and Phase with ratio  0.13  0.73
24-Mar-20 02:00:54 - Output two generated and ready to be sent to drawing function!
24-Mar-20 02:00:54 - Hooraayy- Output two has been mixed Successfully 
24-Mar-20 02:00:55 - User Mixed between Magnitude and Phase with ratio  0.29  0.73
24-Mar-20 02:00:55 - Output two generated and ready to be sent to drawing function!
24-Mar-20 02:00:55 - Hooraayy- Output two has been mixed Successfully 
24-Mar-20 02:00:55 - User Mixed between Magnitude and Phase with ratio  0.47  0.73
24-Mar-20 02:00:55 - Output two generated and ready to be sent to drawing function!
24-Mar-20 02:00:55 - Hooraayy- Output two has been mixed Successfully 
24-Mar-20 02:00:55 - User Mixed between Magnitude and Phase with ratio  0.57  0.73
24-Mar-20 02:00:55 - Output two generated and ready to be sent to drawing function!
24-Mar-20 02:00:55 - Hooraayy- Output two has been mixed Successfully 
24-Mar-20 02:00:55 - User Mixed between Magnitude and Phase with ratio  0.58  0.73
24-Mar-20 02:00:55 - Output two generated and ready to be sent to drawing function!
24-Mar-20 02:00:55 - Hooraayy- Output two has been mixed Successfully 
24-Mar-20 02:00:58 - User Mixed between Magnitude and Phase with ratio  0.58  0.72
24-Mar-20 02:00:58 - Output two generated and ready to be sent to drawing function!
24-Mar-20 02:00:58 - Hooraayy- Output two has been mixed Successfully 
24-Mar-20 02:00:58 - User Mixed between Magnitude and Phase with ratio  0.58  0.58
24-Mar-20 02:00:58 - Output two generated and ready to be sent to drawing function!
24-Mar-20 02:00:58 - Hooraayy- Output two has been mixed Successfully 
24-Mar-20 02:00:58 - User Mixed between Magnitude and Phase with ratio  0.58  0.4
24-Mar-20 02:00:58 - Output two generated and ready to be sent to drawing function!
24-Mar-20 02:00:58 - Hooraayy- Output two has been mixed Successfully 
24-Mar-20 02:00:58 - User Mixed between Magnitude and Phase with ratio  0.58  0.26
24-Mar-20 02:00:58 - Output two generated and ready to be sent to drawing function!
24-Mar-20 02:00:58 - Hooraayy- Output two has been mixed Successfully 
24-Mar-20 02:00:59 - User Mixed between Magnitude and Phase with ratio  0.58  0.13
24-Mar-20 02:00:59 - Output two generated and ready to be sent to drawing function!
24-Mar-20 02:00:59 - Hooraayy- Output two has been mixed Successfully 
24-Mar-20 02:00:59 - User Mixed between Magnitude and Phase with ratio  0.58  0.05
24-Mar-20 02:00:59 - Output two generated and ready to be sent to drawing function!
24-Mar-20 02:00:59 - Hooraayy- Output two has been mixed Successfully 
24-Mar-20 02:00:59 - User Mixed between Magnitude and Phase with ratio  0.58  0.0
24-Mar-20 02:00:59 - Output two generated and ready to be sent to drawing function!
24-Mar-20 02:00:59 - Hooraayy- Output two has been mixed Successfully 
24-Mar-20 02:00:59 - User Mixed between Magnitude and Phase with ratio  0.58  0.01
24-Mar-20 02:00:59 - Output two generated and ready to be sent to drawing function!
24-Mar-20 02:00:59 - Hooraayy- Output two has been mixed Successfully 
24-Mar-20 02:00:59 - User Mixed between Magnitude and Phase with ratio  0.58  0.02
24-Mar-20 02:00:59 - Output two generated and ready to be sent to drawing function!
24-Mar-20 02:00:59 - Hooraayy- Output two has been mixed Successfully 
24-Mar-20 02:00:59 - User Mixed between Magnitude and Phase with ratio  0.58  0.12
24-Mar-20 02:00:59 - Output two generated and ready to be sent to drawing function!
24-Mar-20 02:00:59 - Hooraayy- Output two has been mixed Successfully 
24-Mar-20 02:01:00 - User Mixed between Magnitude and Phase with ratio  0.58  0.26
24-Mar-20 02:01:00 - Output two generated and ready to be sent to drawing function!
24-Mar-20 02:01:00 - Hooraayy- Output two has been mixed Successfully 
24-Mar-20 02:01:00 - User Mixed between Magnitude and Phase with ratio  0.58  0.39
24-Mar-20 02:01:00 - Output two generated and ready to be sent to drawing function!
24-Mar-20 02:01:00 - Hooraayy- Output two has been mixed Successfully 
24-Mar-20 02:01:00 - User Mixed between Magnitude and Phase with ratio  0.58  0.46
24-Mar-20 02:01:00 - Output two generated and ready to be sent to drawing function!
24-Mar-20 02:01:00 - Hooraayy- Output two has been mixed Successfully 
24-Mar-20 02:01:00 - User Mixed between Magnitude and Phase with ratio  0.58  0.52
24-Mar-20 02:01:00 - Output two generated and ready to be sent to drawing function!
24-Mar-20 02:01:00 - Hooraayy- Output two has been mixed Successfully 
24-Mar-20 02:01:00 - User Mixed between Magnitude and Phase with ratio  0.58  0.56
24-Mar-20 02:01:00 - Output two generated and ready to be sent to drawing function!
24-Mar-20 02:01:00 - Hooraayy- Output two has been mixed Successfully 
24-Mar-20 02:01:00 - User Mixed between Magnitude and Phase with ratio  0.58  0.6
24-Mar-20 02:01:00 - Output two generated and ready to be sent to drawing function!
24-Mar-20 02:01:00 - Hooraayy- Output two has been mixed Successfully 
24-Mar-20 02:01:00 - User Mixed between Magnitude and Phase with ratio  0.58  0.65
24-Mar-20 02:01:00 - Output two generated and ready to be sent to drawing function!
24-Mar-20 02:01:00 - Hooraayy- Output two has been mixed Successfully 
24-Mar-20 02:01:01 - User Mixed between Magnitude and Phase with ratio  0.58  0.7
24-Mar-20 02:01:01 - Output two generated and ready to be sent to drawing function!
24-Mar-20 02:01:01 - Hooraayy- Output two has been mixed Successfully 
24-Mar-20 02:01:01 - User Mixed between Magnitude and Phase with ratio  0.58  0.78
24-Mar-20 02:01:01 - Output two generated and ready to be sent to drawing function!
24-Mar-20 02:01:01 - Hooraayy- Output two has been mixed Successfully 
24-Mar-20 02:01:01 - User Mixed between Magnitude and Phase with ratio  0.58  0.87
24-Mar-20 02:01:01 - Output two generated and ready to be sent to drawing function!
24-Mar-20 02:01:01 - Hooraayy- Output two has been mixed Successfully 
24-Mar-20 02:01:01 - User Mixed between Magnitude and Phase with ratio  0.58  0.95
24-Mar-20 02:01:01 - Output two generated and ready to be sent to drawing function!
24-Mar-20 02:01:01 - Hooraayy- Output two has been mixed Successfully 
24-Mar-20 02:01:01 - User Mixed between Magnitude and Phase with ratio  0.58  0.98
24-Mar-20 02:01:01 - Output two generated and ready to be sent to drawing function!
24-Mar-20 02:01:01 - Hooraayy- Output two has been mixed Successfully 
24-Mar-20 02:01:01 - User Mixed between Magnitude and Phase with ratio  0.58  0.99
24-Mar-20 02:01:01 - Output two generated and ready to be sent to drawing function!
24-Mar-20 02:01:01 - Hooraayy- Output two has been mixed Successfully 
24-Mar-20 02:01:02 - User Mixed between Magnitude and Phase with ratio  0.58  1.0
24-Mar-20 02:01:02 - Output two generated and ready to be sent to drawing function!
24-Mar-20 02:01:02 - Hooraayy- Output two has been mixed Successfully 
24-Mar-20 02:01:02 - User Mixed between Magnitude and Phase with ratio  0.58  0.99
24-Mar-20 02:01:02 - Output two generated and ready to be sent to drawing function!
24-Mar-20 02:01:02 - Hooraayy- Output two has been mixed Successfully 
24-Mar-20 02:01:02 - User Mixed between Magnitude and Phase with ratio  0.58  0.97
24-Mar-20 02:01:02 - Output two generated and ready to be sent to drawing function!
24-Mar-20 02:01:02 - Hooraayy- Output two has been mixed Successfully 
24-Mar-20 02:01:03 - User Mixed between Magnitude and Phase with ratio  0.58  0.85
24-Mar-20 02:01:03 - Output two generated and ready to be sent to drawing function!
24-Mar-20 02:01:03 - Hooraayy- Output two has been mixed Successfully 
24-Mar-20 02:01:03 - User Mixed between Magnitude and Phase with ratio  0.58  0.72
24-Mar-20 02:01:03 - Output two generated and ready to be sent to drawing function!
24-Mar-20 02:01:03 - Hooraayy- Output two has been mixed Successfully 
24-Mar-20 02:01:03 - User Mixed between Magnitude and Phase with ratio  0.58  0.49
24-Mar-20 02:01:03 - Output two generated and ready to be sent to drawing function!
24-Mar-20 02:01:03 - Hooraayy- Output two has been mixed Successfully 
24-Mar-20 02:01:03 - User Mixed between Magnitude and Phase with ratio  0.58  0.39
24-Mar-20 02:01:03 - Output two generated and ready to be sent to drawing function!
24-Mar-20 02:01:03 - Hooraayy- Output two has been mixed Successfully 
24-Mar-20 02:01:03 - User Mixed between Magnitude and Phase with ratio  0.58  0.38
24-Mar-20 02:01:03 - Output two generated and ready to be sent to drawing function!
24-Mar-20 02:01:03 - Hooraayy- Output two has been mixed Successfully 
24-Mar-20 02:01:03 - User Mixed between Magnitude and Phase with ratio  0.58  0.37
24-Mar-20 02:01:03 - Output two generated and ready to be sent to drawing function!
24-Mar-20 02:01:04 - Hooraayy- Output two has been mixed Successfully 
24-Mar-20 02:01:04 - User Mixed between Magnitude and Phase with ratio  0.58  0.35
24-Mar-20 02:01:04 - Output two generated and ready to be sent to drawing function!
24-Mar-20 02:01:04 - Hooraayy- Output two has been mixed Successfully 
24-Mar-20 02:01:04 - User Mixed between Magnitude and Phase with ratio  0.58  0.28
24-Mar-20 02:01:04 - Output two generated and ready to be sent to drawing function!
24-Mar-20 02:01:04 - Hooraayy- Output two has been mixed Successfully 
24-Mar-20 02:01:04 - User Mixed between Magnitude and Phase with ratio  0.58  0.17
24-Mar-20 02:01:04 - Output two generated and ready to be sent to drawing function!
24-Mar-20 02:01:04 - Hooraayy- Output two has been mixed Successfully 
24-Mar-20 02:01:04 - User Mixed between Magnitude and Phase with ratio  0.58  0.09
24-Mar-20 02:01:04 - Output two generated and ready to be sent to drawing function!
24-Mar-20 02:01:04 - Hooraayy- Output two has been mixed Successfully 
24-Mar-20 02:01:04 - User Mixed between Magnitude and Phase with ratio  0.58  0.0
24-Mar-20 02:01:04 - Output two generated and ready to be sent to drawing function!
24-Mar-20 02:01:04 - Hooraayy- Output two has been mixed Successfully 
24-Mar-20 02:01:13 - User Mixed between Magnitude and Phase with ratio  0.57  0.0
24-Mar-20 02:01:13 - Output two generated and ready to be sent to drawing function!
24-Mar-20 02:01:13 - Hooraayy- Output two has been mixed Successfully 
24-Mar-20 02:01:13 - User Mixed between Magnitude and Phase with ratio  0.38  0.0
24-Mar-20 02:01:13 - Output two generated and ready to be sent to drawing function!
24-Mar-20 02:01:13 - Hooraayy- Output two has been mixed Successfully 
24-Mar-20 02:01:14 - User Mixed between Magnitude and Phase with ratio  0.08  0.0
24-Mar-20 02:01:14 - Output two generated and ready to be sent to drawing function!
24-Mar-20 02:01:14 - Hooraayy- Output two has been mixed Successfully 
24-Mar-20 02:01:14 - User Mixed between Magnitude and Phase with ratio  0.0  0.0
24-Mar-20 02:01:14 - Output two generated and ready to be sent to drawing function!
24-Mar-20 02:01:14 - Hooraayy- Output two has been mixed Successfully 
24-Mar-20 02:01:14 - User Mixed between Magnitude and Phase with ratio  0.03  0.0
24-Mar-20 02:01:14 - Output two generated and ready to be sent to drawing function!
24-Mar-20 02:01:14 - Hooraayy- Output two has been mixed Successfully 
24-Mar-20 02:01:15 - User Mixed between Magnitude and Phase with ratio  0.4  0.0
24-Mar-20 02:01:15 - Output two generated and ready to be sent to drawing function!
24-Mar-20 02:01:15 - Hooraayy- Output two has been mixed Successfully 
24-Mar-20 02:01:15 - User Mixed between Magnitude and Phase with ratio  0.75  0.0
24-Mar-20 02:01:15 - Output two generated and ready to be sent to drawing function!
24-Mar-20 02:01:15 - Hooraayy- Output two has been mixed Successfully 
24-Mar-20 02:01:15 - User Mixed between Magnitude and Phase with ratio  0.86  0.0
24-Mar-20 02:01:15 - Output two generated and ready to be sent to drawing function!
24-Mar-20 02:01:15 - Hooraayy- Output two has been mixed Successfully 
24-Mar-20 02:01:15 - User Mixed between Magnitude and Phase with ratio  0.93  0.0
24-Mar-20 02:01:15 - Output two generated and ready to be sent to drawing function!
24-Mar-20 02:01:15 - Hooraayy- Output two has been mixed Successfully 
24-Mar-20 02:01:15 - User Mixed between Magnitude and Phase with ratio  0.92  0.0
24-Mar-20 02:01:15 - Output two generated and ready to be sent to drawing function!
24-Mar-20 02:01:15 - Hooraayy- Output two has been mixed Successfully 
24-Mar-20 02:01:16 - User Mixed between Magnitude and Phase with ratio  0.63  0.0
24-Mar-20 02:01:16 - Output two generated and ready to be sent to drawing function!
24-Mar-20 02:01:16 - Hooraayy- Output two has been mixed Successfully 
24-Mar-20 02:01:16 - User Mixed between Magnitude and Phase with ratio  0.28  0.0
24-Mar-20 02:01:16 - Output two generated and ready to be sent to drawing function!
24-Mar-20 02:01:16 - Hooraayy- Output two has been mixed Successfully 
24-Mar-20 02:01:16 - User Mixed between Magnitude and Phase with ratio  0.1  0.0
24-Mar-20 02:01:16 - Output two generated and ready to be sent to drawing function!
24-Mar-20 02:01:16 - Hooraayy- Output two has been mixed Successfully 
24-Mar-20 02:01:16 - User Mixed between Magnitude and Phase with ratio  0.03  0.0
24-Mar-20 02:01:16 - Output two generated and ready to be sent to drawing function!
24-Mar-20 02:01:16 - Hooraayy- Output two has been mixed Successfully 
24-Mar-20 02:01:17 - User Mixed between Magnitude and Phase with ratio  0.02  0.0
24-Mar-20 02:01:17 - Output two generated and ready to be sent to drawing function!
24-Mar-20 02:01:17 - Hooraayy- Output two has been mixed Successfully 
24-Mar-20 02:01:18 - User Mixed between Magnitude and Phase with ratio  0.02  0.01
24-Mar-20 02:01:18 - Output two generated and ready to be sent to drawing function!
24-Mar-20 02:01:18 - Hooraayy- Output two has been mixed Successfully 
24-Mar-20 02:01:18 - User Mixed between Magnitude and Phase with ratio  0.02  0.21
24-Mar-20 02:01:18 - Output two generated and ready to be sent to drawing function!
24-Mar-20 02:01:18 - Hooraayy- Output two has been mixed Successfully 
24-Mar-20 02:01:18 - User Mixed between Magnitude and Phase with ratio  0.02  0.5
24-Mar-20 02:01:18 - Output two generated and ready to be sent to drawing function!
24-Mar-20 02:01:18 - Hooraayy- Output two has been mixed Successfully 
24-Mar-20 02:01:18 - User Mixed between Magnitude and Phase with ratio  0.02  0.75
24-Mar-20 02:01:18 - Output two generated and ready to be sent to drawing function!
24-Mar-20 02:01:18 - Hooraayy- Output two has been mixed Successfully 
24-Mar-20 02:01:18 - User Mixed between Magnitude and Phase with ratio  0.02  0.88
24-Mar-20 02:01:18 - Output two generated and ready to be sent to drawing function!
24-Mar-20 02:01:18 - Hooraayy- Output two has been mixed Successfully 
24-Mar-20 02:01:18 - User Mixed between Magnitude and Phase with ratio  0.02  0.97
24-Mar-20 02:01:18 - Output two generated and ready to be sent to drawing function!
24-Mar-20 02:01:18 - Hooraayy- Output two has been mixed Successfully 
24-Mar-20 02:01:19 - User Mixed between Magnitude and Phase with ratio  0.02  1.0
24-Mar-20 02:01:19 - Output two generated and ready to be sent to drawing function!
24-Mar-20 02:01:19 - Hooraayy- Output two has been mixed Successfully 
