24-Mar-20 02:06:05 - Buckle up Here We Go
24-Mar-20 02:06:09 - Somthing Went Wrong with Size Checking, Check if you loaded to images first!
24-Mar-20 02:06:10 - Equal size check has been succcesful
24-Mar-20 02:06:10 - User Loaded similar sized Images Successfully and ready to proceed
24-Mar-20 02:06:10 - Equal size check has been succcesful
24-Mar-20 02:06:10 - User Loaded similar sized Images Successfully and ready to proceed
24-Mar-20 02:06:10 - Somthing Went Wrong with Size Checking, Check if you loaded to images first!
24-Mar-20 02:06:15 - Mag or Uni mag is choosen for component one and enabling only phase or uni phase for component two
24-Mar-20 02:06:17 - Mag or Uni mag is choosen for component one and enabling only phase or uni phase for component two
24-Mar-20 02:06:20 - User Mixed between Magnitude and Phase with ratio  0.01  0.0
24-Mar-20 02:06:20 - Output one generated and ready to be sent to drawing function!
24-Mar-20 02:06:20 - Hooraayy- Output one has been mixed Successfully 
24-Mar-20 02:06:20 - User Mixed between Magnitude and Phase with ratio  0.12  0.0
24-Mar-20 02:06:20 - Output one generated and ready to be sent to drawing function!
24-Mar-20 02:06:20 - Hooraayy- Output one has been mixed Successfully 
24-Mar-20 02:06:20 - User Mixed between Magnitude and Phase with ratio  0.19  0.0
24-Mar-20 02:06:20 - Output one generated and ready to be sent to drawing function!
24-Mar-20 02:06:20 - Hooraayy- Output one has been mixed Successfully 
24-Mar-20 02:06:20 - User Mixed between Magnitude and Phase with ratio  0.24  0.0
24-Mar-20 02:06:20 - Output one generated and ready to be sent to drawing function!
24-Mar-20 02:06:20 - Hooraayy- Output one has been mixed Successfully 
24-Mar-20 02:06:20 - User Mixed between Magnitude and Phase with ratio  0.3  0.0
24-Mar-20 02:06:20 - Output one generated and ready to be sent to drawing function!
24-Mar-20 02:06:20 - Hooraayy- Output one has been mixed Successfully 
24-Mar-20 02:06:20 - User Mixed between Magnitude and Phase with ratio  0.38  0.0
24-Mar-20 02:06:20 - Output one generated and ready to be sent to drawing function!
24-Mar-20 02:06:20 - Hooraayy- Output one has been mixed Successfully 
24-Mar-20 02:06:20 - User Mixed between Magnitude and Phase with ratio  0.44  0.0
24-Mar-20 02:06:20 - Output one generated and ready to be sent to drawing function!
24-Mar-20 02:06:20 - Hooraayy- Output one has been mixed Successfully 
24-Mar-20 02:06:21 - User Mixed between Magnitude and Phase with ratio  0.43  0.0
24-Mar-20 02:06:21 - Output one generated and ready to be sent to drawing function!
24-Mar-20 02:06:21 - Hooraayy- Output one has been mixed Successfully 
24-Mar-20 02:06:21 - User Mixed between Magnitude and Phase with ratio  0.34  0.0
24-Mar-20 02:06:21 - Output one generated and ready to be sent to drawing function!
24-Mar-20 02:06:21 - Hooraayy- Output one has been mixed Successfully 
24-Mar-20 02:06:21 - User Mixed between Magnitude and Phase with ratio  0.22  0.0
24-Mar-20 02:06:21 - Output one generated and ready to be sent to drawing function!
24-Mar-20 02:06:21 - Hooraayy- Output one has been mixed Successfully 
24-Mar-20 02:06:21 - User Mixed between Magnitude and Phase with ratio  0.25  0.0
24-Mar-20 02:06:21 - Output one generated and ready to be sent to drawing function!
24-Mar-20 02:06:21 - Hooraayy- Output one has been mixed Successfully 
24-Mar-20 02:06:21 - User Mixed between Magnitude and Phase with ratio  0.35  0.0
24-Mar-20 02:06:21 - Output one generated and ready to be sent to drawing function!
24-Mar-20 02:06:21 - Hooraayy- Output one has been mixed Successfully 
24-Mar-20 02:06:22 - User Mixed between Magnitude and Phase with ratio  0.35  0.01
24-Mar-20 02:06:22 - Output one generated and ready to be sent to drawing function!
24-Mar-20 02:06:22 - Hooraayy- Output one has been mixed Successfully 
24-Mar-20 02:06:23 - User Mixed between Magnitude and Phase with ratio  0.35  0.39
24-Mar-20 02:06:23 - Output one generated and ready to be sent to drawing function!
24-Mar-20 02:06:23 - Hooraayy- Output one has been mixed Successfully 
24-Mar-20 02:06:23 - User Mixed between Magnitude and Phase with ratio  0.35  0.52
24-Mar-20 02:06:23 - Output one generated and ready to be sent to drawing function!
24-Mar-20 02:06:23 - Hooraayy- Output one has been mixed Successfully 
24-Mar-20 02:06:23 - User Mixed between Magnitude and Phase with ratio  0.35  0.51
24-Mar-20 02:06:23 - Output one generated and ready to be sent to drawing function!
24-Mar-20 02:06:23 - Hooraayy- Output one has been mixed Successfully 
24-Mar-20 02:06:23 - User Mixed between Magnitude and Phase with ratio  0.35  0.49
24-Mar-20 02:06:23 - Output one generated and ready to be sent to drawing function!
24-Mar-20 02:06:23 - Hooraayy- Output one has been mixed Successfully 
24-Mar-20 02:06:23 - User Mixed between Magnitude and Phase with ratio  0.35  0.33
24-Mar-20 02:06:23 - Output one generated and ready to be sent to drawing function!
24-Mar-20 02:06:23 - Hooraayy- Output one has been mixed Successfully 
24-Mar-20 02:06:23 - User Mixed between Magnitude and Phase with ratio  0.35  0.13
24-Mar-20 02:06:23 - Output one generated and ready to be sent to drawing function!
24-Mar-20 02:06:23 - Hooraayy- Output one has been mixed Successfully 
24-Mar-20 02:06:23 - User Mixed between Magnitude and Phase with ratio  0.35  0.04
24-Mar-20 02:06:23 - Output one generated and ready to be sent to drawing function!
24-Mar-20 02:06:23 - Hooraayy- Output one has been mixed Successfully 
24-Mar-20 02:06:23 - User Mixed between Magnitude and Phase with ratio  0.35  0.08
24-Mar-20 02:06:23 - Output one generated and ready to be sent to drawing function!
24-Mar-20 02:06:23 - Hooraayy- Output one has been mixed Successfully 
24-Mar-20 02:06:23 - User Mixed between Magnitude and Phase with ratio  0.35  0.34
24-Mar-20 02:06:23 - Output one generated and ready to be sent to drawing function!
24-Mar-20 02:06:23 - Hooraayy- Output one has been mixed Successfully 
24-Mar-20 02:06:24 - User Mixed between Magnitude and Phase with ratio  0.35  0.53
24-Mar-20 02:06:24 - Output one generated and ready to be sent to drawing function!
24-Mar-20 02:06:24 - Hooraayy- Output one has been mixed Successfully 
24-Mar-20 02:06:24 - User Mixed between Magnitude and Phase with ratio  0.35  0.7
24-Mar-20 02:06:24 - Output one generated and ready to be sent to drawing function!
24-Mar-20 02:06:24 - Hooraayy- Output one has been mixed Successfully 
24-Mar-20 02:06:24 - User Mixed between Magnitude and Phase with ratio  0.35  0.85
24-Mar-20 02:06:24 - Output one generated and ready to be sent to drawing function!
24-Mar-20 02:06:24 - Hooraayy- Output one has been mixed Successfully 
24-Mar-20 02:06:24 - User Mixed between Magnitude and Phase with ratio  0.35  0.97
24-Mar-20 02:06:24 - Output one generated and ready to be sent to drawing function!
24-Mar-20 02:06:24 - Hooraayy- Output one has been mixed Successfully 
24-Mar-20 02:06:24 - User Mixed between Magnitude and Phase with ratio  0.35  0.96
24-Mar-20 02:06:24 - Output one generated and ready to be sent to drawing function!
24-Mar-20 02:06:24 - Hooraayy- Output one has been mixed Successfully 
24-Mar-20 02:06:24 - User Mixed between Magnitude and Phase with ratio  0.35  0.95
24-Mar-20 02:06:24 - Output one generated and ready to be sent to drawing function!
24-Mar-20 02:06:25 - Hooraayy- Output one has been mixed Successfully 
24-Mar-20 02:06:25 - User Mixed between Magnitude and Phase with ratio  0.35  0.94
24-Mar-20 02:06:25 - Output one generated and ready to be sent to drawing function!
24-Mar-20 02:06:25 - Hooraayy- Output one has been mixed Successfully 
24-Mar-20 02:06:25 - User Mixed between Magnitude and Phase with ratio  0.35  0.91
24-Mar-20 02:06:25 - Output one generated and ready to be sent to drawing function!
24-Mar-20 02:06:25 - Hooraayy- Output one has been mixed Successfully 
24-Mar-20 02:06:25 - User Mixed between Magnitude and Phase with ratio  0.35  0.63
24-Mar-20 02:06:25 - Output one generated and ready to be sent to drawing function!
24-Mar-20 02:06:25 - Hooraayy- Output one has been mixed Successfully 
24-Mar-20 02:06:25 - User Mixed between Magnitude and Phase with ratio  0.35  0.44
24-Mar-20 02:06:25 - Output one generated and ready to be sent to drawing function!
24-Mar-20 02:06:25 - Hooraayy- Output one has been mixed Successfully 
24-Mar-20 02:06:25 - User Mixed between Magnitude and Phase with ratio  0.35  0.19
24-Mar-20 02:06:25 - Output one generated and ready to be sent to drawing function!
24-Mar-20 02:06:25 - Hooraayy- Output one has been mixed Successfully 
24-Mar-20 02:06:25 - User Mixed between Magnitude and Phase with ratio  0.35  0.01
24-Mar-20 02:06:25 - Output one generated and ready to be sent to drawing function!
24-Mar-20 02:06:25 - Hooraayy- Output one has been mixed Successfully 
24-Mar-20 02:06:25 - User Mixed between Magnitude and Phase with ratio  0.35  0.03
24-Mar-20 02:06:25 - Output one generated and ready to be sent to drawing function!
24-Mar-20 02:06:25 - Hooraayy- Output one has been mixed Successfully 
24-Mar-20 02:06:25 - User Mixed between Magnitude and Phase with ratio  0.35  0.08
24-Mar-20 02:06:25 - Output one generated and ready to be sent to drawing function!
24-Mar-20 02:06:25 - Hooraayy- Output one has been mixed Successfully 
24-Mar-20 02:06:25 - User Mixed between Magnitude and Phase with ratio  0.35  0.26
24-Mar-20 02:06:25 - Output one generated and ready to be sent to drawing function!
24-Mar-20 02:06:25 - Hooraayy- Output one has been mixed Successfully 
24-Mar-20 02:06:26 - User Mixed between Magnitude and Phase with ratio  0.35  0.49
24-Mar-20 02:06:26 - Output one generated and ready to be sent to drawing function!
24-Mar-20 02:06:26 - Hooraayy- Output one has been mixed Successfully 
24-Mar-20 02:06:26 - User Mixed between Magnitude and Phase with ratio  0.35  0.73
24-Mar-20 02:06:26 - Output one generated and ready to be sent to drawing function!
24-Mar-20 02:06:26 - Hooraayy- Output one has been mixed Successfully 
24-Mar-20 02:06:26 - User Mixed between Magnitude and Phase with ratio  0.35  0.85
24-Mar-20 02:06:26 - Output one generated and ready to be sent to drawing function!
24-Mar-20 02:06:26 - Hooraayy- Output one has been mixed Successfully 
24-Mar-20 02:06:26 - User Mixed between Magnitude and Phase with ratio  0.35  0.86
24-Mar-20 02:06:26 - Output one generated and ready to be sent to drawing function!
24-Mar-20 02:06:26 - Hooraayy- Output one has been mixed Successfully 
24-Mar-20 02:06:26 - User Mixed between Magnitude and Phase with ratio  0.35  0.85
24-Mar-20 02:06:26 - Output one generated and ready to be sent to drawing function!
24-Mar-20 02:06:26 - Hooraayy- Output one has been mixed Successfully 
24-Mar-20 02:06:26 - User Mixed between Magnitude and Phase with ratio  0.35  0.75
24-Mar-20 02:06:26 - Output one generated and ready to be sent to drawing function!
24-Mar-20 02:06:26 - Hooraayy- Output one has been mixed Successfully 
24-Mar-20 02:06:26 - User Mixed between Magnitude and Phase with ratio  0.35  0.45
24-Mar-20 02:06:26 - Output one generated and ready to be sent to drawing function!
24-Mar-20 02:06:26 - Hooraayy- Output one has been mixed Successfully 
24-Mar-20 02:06:26 - User Mixed between Magnitude and Phase with ratio  0.35  0.26
24-Mar-20 02:06:27 - Output one generated and ready to be sent to drawing function!
24-Mar-20 02:06:27 - Hooraayy- Output one has been mixed Successfully 
24-Mar-20 02:06:27 - User Mixed between Magnitude and Phase with ratio  0.35  0.17
24-Mar-20 02:06:27 - Output one generated and ready to be sent to drawing function!
24-Mar-20 02:06:27 - Hooraayy- Output one has been mixed Successfully 
24-Mar-20 02:06:27 - User Mixed between Magnitude and Phase with ratio  0.35  0.16
24-Mar-20 02:06:27 - Output one generated and ready to be sent to drawing function!
24-Mar-20 02:06:27 - Hooraayy- Output one has been mixed Successfully 
24-Mar-20 02:06:28 - User Mixed between Magnitude and Phase with ratio  0.36  0.16
24-Mar-20 02:06:28 - Output one generated and ready to be sent to drawing function!
24-Mar-20 02:06:28 - Hooraayy- Output one has been mixed Successfully 
24-Mar-20 02:06:28 - User Mixed between Magnitude and Phase with ratio  0.56  0.16
24-Mar-20 02:06:28 - Output one generated and ready to be sent to drawing function!
24-Mar-20 02:06:28 - Hooraayy- Output one has been mixed Successfully 
24-Mar-20 02:06:28 - User Mixed between Magnitude and Phase with ratio  0.74  0.16
24-Mar-20 02:06:28 - Output one generated and ready to be sent to drawing function!
24-Mar-20 02:06:28 - Hooraayy- Output one has been mixed Successfully 
24-Mar-20 02:06:28 - User Mixed between Magnitude and Phase with ratio  0.72  0.16
24-Mar-20 02:06:28 - Output one generated and ready to be sent to drawing function!
24-Mar-20 02:06:28 - Hooraayy- Output one has been mixed Successfully 
24-Mar-20 02:06:28 - User Mixed between Magnitude and Phase with ratio  0.26  0.16
24-Mar-20 02:06:28 - Output one generated and ready to be sent to drawing function!
24-Mar-20 02:06:28 - Hooraayy- Output one has been mixed Successfully 
24-Mar-20 02:06:28 - User Mixed between Magnitude and Phase with ratio  0.03  0.16
24-Mar-20 02:06:28 - Output one generated and ready to be sent to drawing function!
24-Mar-20 02:06:28 - Hooraayy- Output one has been mixed Successfully 
24-Mar-20 02:06:28 - User Mixed between Magnitude and Phase with ratio  0.05  0.16
24-Mar-20 02:06:28 - Output one generated and ready to be sent to drawing function!
24-Mar-20 02:06:28 - Hooraayy- Output one has been mixed Successfully 
24-Mar-20 02:06:28 - User Mixed between Magnitude and Phase with ratio  0.2  0.16
24-Mar-20 02:06:28 - Output one generated and ready to be sent to drawing function!
24-Mar-20 02:06:28 - Hooraayy- Output one has been mixed Successfully 
24-Mar-20 02:06:32 - Phase or Uni Phase is choosen for component one and enabling only Mag or uni Mag for component two
24-Mar-20 02:06:35 - User Mixed between Magnitude and Phase with ratio  0.17  0.2
24-Mar-20 02:06:35 - Output one generated and ready to be sent to drawing function!
24-Mar-20 02:06:35 - Hooraayy- Output one has been mixed Successfully 
24-Mar-20 02:06:35 - User Mixed between Magnitude and Phase with ratio  0.33  0.2
24-Mar-20 02:06:35 - Output one generated and ready to be sent to drawing function!
24-Mar-20 02:06:35 - Hooraayy- Output one has been mixed Successfully 
24-Mar-20 02:06:35 - User Mixed between Magnitude and Phase with ratio  0.49  0.2
24-Mar-20 02:06:35 - Output one generated and ready to be sent to drawing function!
24-Mar-20 02:06:35 - Hooraayy- Output one has been mixed Successfully 
24-Mar-20 02:06:35 - User Mixed between Magnitude and Phase with ratio  0.62  0.2
24-Mar-20 02:06:35 - Output one generated and ready to be sent to drawing function!
24-Mar-20 02:06:35 - Hooraayy- Output one has been mixed Successfully 
24-Mar-20 02:06:35 - User Mixed between Magnitude and Phase with ratio  0.65  0.2
24-Mar-20 02:06:35 - Output one generated and ready to be sent to drawing function!
24-Mar-20 02:06:35 - Hooraayy- Output one has been mixed Successfully 
24-Mar-20 02:06:35 - User Mixed between Magnitude and Phase with ratio  0.64  0.2
24-Mar-20 02:06:35 - Output one generated and ready to be sent to drawing function!
24-Mar-20 02:06:35 - Hooraayy- Output one has been mixed Successfully 
24-Mar-20 02:06:35 - User Mixed between Magnitude and Phase with ratio  0.39  0.2
24-Mar-20 02:06:35 - Output one generated and ready to be sent to drawing function!
24-Mar-20 02:06:35 - Hooraayy- Output one has been mixed Successfully 
24-Mar-20 02:06:35 - User Mixed between Magnitude and Phase with ratio  0.08  0.2
24-Mar-20 02:06:35 - Output one generated and ready to be sent to drawing function!
24-Mar-20 02:06:36 - Hooraayy- Output one has been mixed Successfully 
24-Mar-20 02:06:36 - User Mixed between Magnitude and Phase with ratio  0.0  0.2
24-Mar-20 02:06:36 - Output one generated and ready to be sent to drawing function!
24-Mar-20 02:06:36 - Hooraayy- Output one has been mixed Successfully 
24-Mar-20 02:06:36 - User Mixed between Magnitude and Phase with ratio  0.05  0.2
24-Mar-20 02:06:36 - Output one generated and ready to be sent to drawing function!
24-Mar-20 02:06:36 - Hooraayy- Output one has been mixed Successfully 
24-Mar-20 02:06:36 - User Mixed between Magnitude and Phase with ratio  0.42  0.2
24-Mar-20 02:06:36 - Output one generated and ready to be sent to drawing function!
24-Mar-20 02:06:36 - Hooraayy- Output one has been mixed Successfully 
24-Mar-20 02:06:36 - User Mixed between Magnitude and Phase with ratio  0.86  0.2
24-Mar-20 02:06:36 - Output one generated and ready to be sent to drawing function!
24-Mar-20 02:06:36 - Hooraayy- Output one has been mixed Successfully 
24-Mar-20 02:06:36 - User Mixed between Magnitude and Phase with ratio  0.92  0.2
24-Mar-20 02:06:36 - Output one generated and ready to be sent to drawing function!
24-Mar-20 02:06:36 - Hooraayy- Output one has been mixed Successfully 
24-Mar-20 02:06:36 - User Mixed between Magnitude and Phase with ratio  0.91  0.2
24-Mar-20 02:06:36 - Output one generated and ready to be sent to drawing function!
24-Mar-20 02:06:36 - Hooraayy- Output one has been mixed Successfully 
24-Mar-20 02:06:37 - User Mixed between Magnitude and Phase with ratio  0.65  0.2
24-Mar-20 02:06:37 - Output one generated and ready to be sent to drawing function!
24-Mar-20 02:06:37 - Hooraayy- Output one has been mixed Successfully 
24-Mar-20 02:06:37 - User Mixed between Magnitude and Phase with ratio  0.36  0.2
24-Mar-20 02:06:37 - Output one generated and ready to be sent to drawing function!
24-Mar-20 02:06:37 - Hooraayy- Output one has been mixed Successfully 
24-Mar-20 02:06:37 - User Mixed between Magnitude and Phase with ratio  0.16  0.2
24-Mar-20 02:06:37 - Output one generated and ready to be sent to drawing function!
24-Mar-20 02:06:37 - Hooraayy- Output one has been mixed Successfully 
24-Mar-20 02:06:37 - User Mixed between Magnitude and Phase with ratio  0.08  0.2
24-Mar-20 02:06:37 - Output one generated and ready to be sent to drawing function!
24-Mar-20 02:06:37 - Hooraayy- Output one has been mixed Successfully 
24-Mar-20 02:06:37 - User Mixed between Magnitude and Phase with ratio  0.01  0.2
24-Mar-20 02:06:37 - Output one generated and ready to be sent to drawing function!
24-Mar-20 02:06:37 - Hooraayy- Output one has been mixed Successfully 
24-Mar-20 02:06:37 - User Mixed between Magnitude and Phase with ratio  0.0  0.2
24-Mar-20 02:06:37 - Output one generated and ready to be sent to drawing function!
24-Mar-20 02:06:37 - Hooraayy- Output one has been mixed Successfully 
24-Mar-20 02:06:39 - User Mixed between Magnitude and Phase with ratio  0.0  0.21
24-Mar-20 02:06:39 - Output one generated and ready to be sent to drawing function!
24-Mar-20 02:06:39 - Hooraayy- Output one has been mixed Successfully 
24-Mar-20 02:06:39 - User Mixed between Magnitude and Phase with ratio  0.0  0.41
24-Mar-20 02:06:39 - Output one generated and ready to be sent to drawing function!
24-Mar-20 02:06:39 - Hooraayy- Output one has been mixed Successfully 
24-Mar-20 02:06:39 - User Mixed between Magnitude and Phase with ratio  0.0  0.71
24-Mar-20 02:06:39 - Output one generated and ready to be sent to drawing function!
24-Mar-20 02:06:39 - Hooraayy- Output one has been mixed Successfully 
24-Mar-20 02:06:39 - User Mixed between Magnitude and Phase with ratio  0.0  0.8
24-Mar-20 02:06:39 - Output one generated and ready to be sent to drawing function!
24-Mar-20 02:06:39 - Hooraayy- Output one has been mixed Successfully 
24-Mar-20 02:06:40 - User Mixed between Magnitude and Phase with ratio  0.0  0.87
24-Mar-20 02:06:40 - Output one generated and ready to be sent to drawing function!
24-Mar-20 02:06:40 - Hooraayy- Output one has been mixed Successfully 
24-Mar-20 02:06:40 - User Mixed between Magnitude and Phase with ratio  0.0  0.86
24-Mar-20 02:06:40 - Output one generated and ready to be sent to drawing function!
24-Mar-20 02:06:40 - Hooraayy- Output one has been mixed Successfully 
24-Mar-20 02:06:40 - User Mixed between Magnitude and Phase with ratio  0.0  0.5
24-Mar-20 02:06:40 - Output one generated and ready to be sent to drawing function!
24-Mar-20 02:06:40 - Hooraayy- Output one has been mixed Successfully 
24-Mar-20 02:06:40 - User Mixed between Magnitude and Phase with ratio  0.0  0.13
24-Mar-20 02:06:40 - Output one generated and ready to be sent to drawing function!
24-Mar-20 02:06:40 - Hooraayy- Output one has been mixed Successfully 
24-Mar-20 02:06:40 - User Mixed between Magnitude and Phase with ratio  0.0  0.0
24-Mar-20 02:06:40 - Output one generated and ready to be sent to drawing function!
24-Mar-20 02:06:40 - Hooraayy- Output one has been mixed Successfully 
24-Mar-20 02:06:40 - User Mixed between Magnitude and Phase with ratio  0.0  0.03
24-Mar-20 02:06:40 - Output one generated and ready to be sent to drawing function!
24-Mar-20 02:06:40 - Hooraayy- Output one has been mixed Successfully 
24-Mar-20 02:06:41 - User Mixed between Magnitude and Phase with ratio  0.0  0.31
24-Mar-20 02:06:41 - Output one generated and ready to be sent to drawing function!
24-Mar-20 02:06:41 - Hooraayy- Output one has been mixed Successfully 
24-Mar-20 02:06:41 - User Mixed between Magnitude and Phase with ratio  0.0  0.33
24-Mar-20 02:06:41 - Output one generated and ready to be sent to drawing function!
24-Mar-20 02:06:41 - Hooraayy- Output one has been mixed Successfully 
24-Mar-20 02:06:41 - User Mixed between Magnitude and Phase with ratio  0.0  0.62
24-Mar-20 02:06:41 - Output one generated and ready to be sent to drawing function!
24-Mar-20 02:06:41 - Hooraayy- Output one has been mixed Successfully 
24-Mar-20 02:06:44 - Mag or Uni mag is choosen for component one and enabling only phase or uni phase for component two
24-Mar-20 02:06:47 - User Mixed between Magnitude and Phase with ratio  0.62  0.01
24-Mar-20 02:06:47 - Output two generated and ready to be sent to drawing function!
24-Mar-20 02:06:47 - Hooraayy- Output two has been mixed Successfully 
24-Mar-20 02:06:47 - User Mixed between Magnitude and Phase with ratio  0.62  0.19
24-Mar-20 02:06:47 - Output two generated and ready to be sent to drawing function!
24-Mar-20 02:06:47 - Hooraayy- Output two has been mixed Successfully 
24-Mar-20 02:06:48 - User Mixed between Magnitude and Phase with ratio  0.62  0.29
24-Mar-20 02:06:48 - Output two generated and ready to be sent to drawing function!
24-Mar-20 02:06:48 - Hooraayy- Output two has been mixed Successfully 
24-Mar-20 02:06:48 - User Mixed between Magnitude and Phase with ratio  0.62  0.37
24-Mar-20 02:06:48 - Output two generated and ready to be sent to drawing function!
24-Mar-20 02:06:48 - Hooraayy- Output two has been mixed Successfully 
24-Mar-20 02:06:48 - User Mixed between Magnitude and Phase with ratio  0.62  0.45
24-Mar-20 02:06:48 - Output two generated and ready to be sent to drawing function!
24-Mar-20 02:06:48 - Hooraayy- Output two has been mixed Successfully 
24-Mar-20 02:06:48 - User Mixed between Magnitude and Phase with ratio  0.62  0.53
24-Mar-20 02:06:48 - Output two generated and ready to be sent to drawing function!
24-Mar-20 02:06:48 - Hooraayy- Output two has been mixed Successfully 
24-Mar-20 02:06:48 - User Mixed between Magnitude and Phase with ratio  0.62  0.6
24-Mar-20 02:06:48 - Output two generated and ready to be sent to drawing function!
24-Mar-20 02:06:48 - Hooraayy- Output two has been mixed Successfully 
24-Mar-20 02:06:48 - User Mixed between Magnitude and Phase with ratio  0.62  0.65
24-Mar-20 02:06:48 - Output two generated and ready to be sent to drawing function!
24-Mar-20 02:06:48 - Hooraayy- Output two has been mixed Successfully 
24-Mar-20 02:06:48 - User Mixed between Magnitude and Phase with ratio  0.62  0.63
24-Mar-20 02:06:48 - Output two generated and ready to be sent to drawing function!
24-Mar-20 02:06:48 - Hooraayy- Output two has been mixed Successfully 
24-Mar-20 02:06:48 - User Mixed between Magnitude and Phase with ratio  0.62  0.41
24-Mar-20 02:06:48 - Output two generated and ready to be sent to drawing function!
24-Mar-20 02:06:48 - Hooraayy- Output two has been mixed Successfully 
24-Mar-20 02:06:48 - User Mixed between Magnitude and Phase with ratio  0.62  0.18
24-Mar-20 02:06:48 - Output two generated and ready to be sent to drawing function!
24-Mar-20 02:06:48 - Hooraayy- Output two has been mixed Successfully 
24-Mar-20 02:06:48 - User Mixed between Magnitude and Phase with ratio  0.62  0.05
24-Mar-20 02:06:48 - Output two generated and ready to be sent to drawing function!
24-Mar-20 02:06:48 - Hooraayy- Output two has been mixed Successfully 
24-Mar-20 02:06:49 - User Mixed between Magnitude and Phase with ratio  0.62  0.01
24-Mar-20 02:06:49 - Output two generated and ready to be sent to drawing function!
24-Mar-20 02:06:49 - Hooraayy- Output two has been mixed Successfully 
24-Mar-20 02:06:50 - User Mixed between Magnitude and Phase with ratio  0.61  0.01
24-Mar-20 02:06:50 - Output two generated and ready to be sent to drawing function!
24-Mar-20 02:06:50 - Hooraayy- Output two has been mixed Successfully 
24-Mar-20 02:06:50 - User Mixed between Magnitude and Phase with ratio  0.42  0.01
24-Mar-20 02:06:50 - Output two generated and ready to be sent to drawing function!
24-Mar-20 02:06:50 - Hooraayy- Output two has been mixed Successfully 
24-Mar-20 02:06:50 - User Mixed between Magnitude and Phase with ratio  0.18  0.01
24-Mar-20 02:06:50 - Output two generated and ready to be sent to drawing function!
24-Mar-20 02:06:50 - Hooraayy- Output two has been mixed Successfully 
24-Mar-20 02:06:50 - User Mixed between Magnitude and Phase with ratio  0.0  0.01
24-Mar-20 02:06:50 - Output two generated and ready to be sent to drawing function!
24-Mar-20 02:06:50 - Hooraayy- Output two has been mixed Successfully 
24-Mar-20 02:06:50 - User Mixed between Magnitude and Phase with ratio  0.02  0.01
24-Mar-20 02:06:50 - Output two generated and ready to be sent to drawing function!
24-Mar-20 02:06:50 - Hooraayy- Output two has been mixed Successfully 
24-Mar-20 02:06:50 - User Mixed between Magnitude and Phase with ratio  0.32  0.01
24-Mar-20 02:06:50 - Output two generated and ready to be sent to drawing function!
24-Mar-20 02:06:50 - Hooraayy- Output two has been mixed Successfully 
24-Mar-20 02:06:50 - User Mixed between Magnitude and Phase with ratio  0.55  0.01
24-Mar-20 02:06:50 - Output two generated and ready to be sent to drawing function!
24-Mar-20 02:06:50 - Hooraayy- Output two has been mixed Successfully 
24-Mar-20 02:06:50 - User Mixed between Magnitude and Phase with ratio  0.56  0.01
24-Mar-20 02:06:50 - Output two generated and ready to be sent to drawing function!
24-Mar-20 02:06:50 - Hooraayy- Output two has been mixed Successfully 
24-Mar-20 02:06:51 - User Mixed between Magnitude and Phase with ratio  0.79  0.01
24-Mar-20 02:06:51 - Output two generated and ready to be sent to drawing function!
24-Mar-20 02:06:51 - Hooraayy- Output two has been mixed Successfully 
24-Mar-20 02:06:51 - User Mixed between Magnitude and Phase with ratio  0.87  0.01
24-Mar-20 02:06:51 - Output two generated and ready to be sent to drawing function!
24-Mar-20 02:06:51 - Hooraayy- Output two has been mixed Successfully 
24-Mar-20 02:06:51 - User Mixed between Magnitude and Phase with ratio  0.86  0.01
24-Mar-20 02:06:51 - Output two generated and ready to be sent to drawing function!
24-Mar-20 02:06:51 - Hooraayy- Output two has been mixed Successfully 
24-Mar-20 02:06:51 - User Mixed between Magnitude and Phase with ratio  0.77  0.01
24-Mar-20 02:06:51 - Output two generated and ready to be sent to drawing function!
24-Mar-20 02:06:51 - Hooraayy- Output two has been mixed Successfully 
24-Mar-20 02:06:51 - User Mixed between Magnitude and Phase with ratio  0.55  0.01
24-Mar-20 02:06:51 - Output two generated and ready to be sent to drawing function!
24-Mar-20 02:06:51 - Hooraayy- Output two has been mixed Successfully 
24-Mar-20 02:06:51 - User Mixed between Magnitude and Phase with ratio  0.37  0.01
24-Mar-20 02:06:51 - Output two generated and ready to be sent to drawing function!
24-Mar-20 02:06:51 - Hooraayy- Output two has been mixed Successfully 
24-Mar-20 02:06:51 - User Mixed between Magnitude and Phase with ratio  0.14  0.01
24-Mar-20 02:06:51 - Output two generated and ready to be sent to drawing function!
24-Mar-20 02:06:51 - Hooraayy- Output two has been mixed Successfully 
24-Mar-20 02:06:51 - User Mixed between Magnitude and Phase with ratio  0.03  0.01
24-Mar-20 02:06:51 - Output two generated and ready to be sent to drawing function!
24-Mar-20 02:06:51 - Hooraayy- Output two has been mixed Successfully 
24-Mar-20 02:06:51 - User Mixed between Magnitude and Phase with ratio  0.04  0.01
24-Mar-20 02:06:51 - Output two generated and ready to be sent to drawing function!
24-Mar-20 02:06:51 - Hooraayy- Output two has been mixed Successfully 
24-Mar-20 02:06:52 - User Mixed between Magnitude and Phase with ratio  0.24  0.01
24-Mar-20 02:06:52 - Output two generated and ready to be sent to drawing function!
24-Mar-20 02:06:52 - Hooraayy- Output two has been mixed Successfully 
24-Mar-20 02:06:52 - User Mixed between Magnitude and Phase with ratio  0.53  0.01
24-Mar-20 02:06:52 - Output two generated and ready to be sent to drawing function!
24-Mar-20 02:06:52 - Hooraayy- Output two has been mixed Successfully 
24-Mar-20 02:06:52 - User Mixed between Magnitude and Phase with ratio  0.8  0.01
24-Mar-20 02:06:52 - Output two generated and ready to be sent to drawing function!
24-Mar-20 02:06:52 - Hooraayy- Output two has been mixed Successfully 
24-Mar-20 02:06:52 - User Mixed between Magnitude and Phase with ratio  0.81  0.01
24-Mar-20 02:06:52 - Output two generated and ready to be sent to drawing function!
24-Mar-20 02:06:52 - Hooraayy- Output two has been mixed Successfully 
24-Mar-20 02:06:52 - User Mixed between Magnitude and Phase with ratio  0.87  0.01
24-Mar-20 02:06:52 - Output two generated and ready to be sent to drawing function!
24-Mar-20 02:06:52 - Hooraayy- Output two has been mixed Successfully 
24-Mar-20 02:06:52 - User Mixed between Magnitude and Phase with ratio  0.78  0.01
24-Mar-20 02:06:52 - Output two generated and ready to be sent to drawing function!
24-Mar-20 02:06:52 - Hooraayy- Output two has been mixed Successfully 
24-Mar-20 02:06:52 - User Mixed between Magnitude and Phase with ratio  0.38  0.01
24-Mar-20 02:06:52 - Output two generated and ready to be sent to drawing function!
24-Mar-20 02:06:52 - Hooraayy- Output two has been mixed Successfully 
24-Mar-20 02:06:52 - User Mixed between Magnitude and Phase with ratio  0.14  0.01
24-Mar-20 02:06:52 - Output two generated and ready to be sent to drawing function!
24-Mar-20 02:06:52 - Hooraayy- Output two has been mixed Successfully 
24-Mar-20 02:06:52 - User Mixed between Magnitude and Phase with ratio  0.06  0.01
24-Mar-20 02:06:52 - Output two generated and ready to be sent to drawing function!
24-Mar-20 02:06:52 - Hooraayy- Output two has been mixed Successfully 
24-Mar-20 02:06:53 - User Mixed between Magnitude and Phase with ratio  0.07  0.01
24-Mar-20 02:06:53 - Output two generated and ready to be sent to drawing function!
24-Mar-20 02:06:53 - Hooraayy- Output two has been mixed Successfully 
24-Mar-20 02:06:53 - User Mixed between Magnitude and Phase with ratio  0.21  0.01
24-Mar-20 02:06:53 - Output two generated and ready to be sent to drawing function!
24-Mar-20 02:06:53 - Hooraayy- Output two has been mixed Successfully 
24-Mar-20 02:06:53 - User Mixed between Magnitude and Phase with ratio  0.62  0.01
24-Mar-20 02:06:53 - Output two generated and ready to be sent to drawing function!
24-Mar-20 02:06:53 - Hooraayy- Output two has been mixed Successfully 
24-Mar-20 02:06:53 - User Mixed between Magnitude and Phase with ratio  0.8  0.01
24-Mar-20 02:06:53 - Output two generated and ready to be sent to drawing function!
24-Mar-20 02:06:53 - Hooraayy- Output two has been mixed Successfully 
24-Mar-20 02:06:53 - User Mixed between Magnitude and Phase with ratio  0.81  0.01
24-Mar-20 02:06:53 - Output two generated and ready to be sent to drawing function!
24-Mar-20 02:06:53 - Hooraayy- Output two has been mixed Successfully 
24-Mar-20 02:06:56 - Mag or Uni mag is choosen for component one and enabling only phase or uni phase for component two
24-Mar-20 02:06:58 - User Mixed between Magnitude and Phase with ratio  0.81  0.02
24-Mar-20 02:06:58 - Output two generated and ready to be sent to drawing function!
24-Mar-20 02:06:58 - Hooraayy- Output two has been mixed Successfully 
24-Mar-20 02:06:58 - User Mixed between Magnitude and Phase with ratio  0.81  0.19
24-Mar-20 02:06:58 - Output two generated and ready to be sent to drawing function!
24-Mar-20 02:06:58 - Hooraayy- Output two has been mixed Successfully 
24-Mar-20 02:06:58 - User Mixed between Magnitude and Phase with ratio  0.81  0.35
24-Mar-20 02:06:58 - Output two generated and ready to be sent to drawing function!
24-Mar-20 02:06:58 - Hooraayy- Output two has been mixed Successfully 
24-Mar-20 02:06:58 - User Mixed between Magnitude and Phase with ratio  0.81  0.57
24-Mar-20 02:06:58 - Output two generated and ready to be sent to drawing function!
24-Mar-20 02:06:58 - Hooraayy- Output two has been mixed Successfully 
24-Mar-20 02:06:59 - User Mixed between Magnitude and Phase with ratio  0.81  0.71
24-Mar-20 02:06:59 - Output two generated and ready to be sent to drawing function!
24-Mar-20 02:06:59 - Hooraayy- Output two has been mixed Successfully 
24-Mar-20 02:06:59 - User Mixed between Magnitude and Phase with ratio  0.81  0.72
24-Mar-20 02:06:59 - Output two generated and ready to be sent to drawing function!
24-Mar-20 02:06:59 - Hooraayy- Output two has been mixed Successfully 
24-Mar-20 02:06:59 - User Mixed between Magnitude and Phase with ratio  0.81  0.46
24-Mar-20 02:06:59 - Output two generated and ready to be sent to drawing function!
24-Mar-20 02:06:59 - Hooraayy- Output two has been mixed Successfully 
24-Mar-20 02:06:59 - User Mixed between Magnitude and Phase with ratio  0.81  0.23
24-Mar-20 02:06:59 - Output two generated and ready to be sent to drawing function!
24-Mar-20 02:06:59 - Hooraayy- Output two has been mixed Successfully 
24-Mar-20 02:06:59 - User Mixed between Magnitude and Phase with ratio  0.81  0.05
24-Mar-20 02:06:59 - Output two generated and ready to be sent to drawing function!
24-Mar-20 02:06:59 - Hooraayy- Output two has been mixed Successfully 
24-Mar-20 02:06:59 - User Mixed between Magnitude and Phase with ratio  0.81  0.08
24-Mar-20 02:06:59 - Output two generated and ready to be sent to drawing function!
24-Mar-20 02:06:59 - Hooraayy- Output two has been mixed Successfully 
24-Mar-20 02:06:59 - User Mixed between Magnitude and Phase with ratio  0.81  0.7
24-Mar-20 02:06:59 - Output two generated and ready to be sent to drawing function!
24-Mar-20 02:06:59 - Hooraayy- Output two has been mixed Successfully 
24-Mar-20 02:06:59 - User Mixed between Magnitude and Phase with ratio  0.81  1.0
24-Mar-20 02:06:59 - Output two generated and ready to be sent to drawing function!
24-Mar-20 02:06:59 - Hooraayy- Output two has been mixed Successfully 
24-Mar-20 02:07:00 - User Mixed between Magnitude and Phase with ratio  0.81  0.95
24-Mar-20 02:07:00 - Output two generated and ready to be sent to drawing function!
24-Mar-20 02:07:00 - Hooraayy- Output two has been mixed Successfully 
24-Mar-20 02:07:00 - User Mixed between Magnitude and Phase with ratio  0.81  0.77
24-Mar-20 02:07:00 - Output two generated and ready to be sent to drawing function!
24-Mar-20 02:07:00 - Hooraayy- Output two has been mixed Successfully 
24-Mar-20 02:07:01 - User Mixed between Magnitude and Phase with ratio  0.79  0.77
24-Mar-20 02:07:01 - Output two generated and ready to be sent to drawing function!
24-Mar-20 02:07:01 - Hooraayy- Output two has been mixed Successfully 
24-Mar-20 02:07:01 - User Mixed between Magnitude and Phase with ratio  0.55  0.77
24-Mar-20 02:07:01 - Output two generated and ready to be sent to drawing function!
24-Mar-20 02:07:01 - Hooraayy- Output two has been mixed Successfully 
24-Mar-20 02:07:01 - User Mixed between Magnitude and Phase with ratio  0.29  0.77
24-Mar-20 02:07:01 - Output two generated and ready to be sent to drawing function!
24-Mar-20 02:07:01 - Hooraayy- Output two has been mixed Successfully 
24-Mar-20 02:07:01 - User Mixed between Magnitude and Phase with ratio  0.19  0.77
24-Mar-20 02:07:01 - Output two generated and ready to be sent to drawing function!
24-Mar-20 02:07:01 - Hooraayy- Output two has been mixed Successfully 
24-Mar-20 02:07:01 - User Mixed between Magnitude and Phase with ratio  0.22  0.77
24-Mar-20 02:07:01 - Output two generated and ready to be sent to drawing function!
24-Mar-20 02:07:01 - Hooraayy- Output two has been mixed Successfully 
24-Mar-20 02:07:01 - User Mixed between Magnitude and Phase with ratio  0.48  0.77
24-Mar-20 02:07:01 - Output two generated and ready to be sent to drawing function!
24-Mar-20 02:07:01 - Hooraayy- Output two has been mixed Successfully 
24-Mar-20 02:07:02 - User Mixed between Magnitude and Phase with ratio  0.79  0.77
24-Mar-20 02:07:02 - Output two generated and ready to be sent to drawing function!
24-Mar-20 02:07:02 - Hooraayy- Output two has been mixed Successfully 
24-Mar-20 02:07:02 - User Mixed between Magnitude and Phase with ratio  0.84  0.77
24-Mar-20 02:07:02 - Output two generated and ready to be sent to drawing function!
24-Mar-20 02:07:02 - Hooraayy- Output two has been mixed Successfully 
24-Mar-20 02:07:03 - User Mixed between Magnitude and Phase with ratio  0.84  0.8
24-Mar-20 02:07:03 - Output two generated and ready to be sent to drawing function!
24-Mar-20 02:07:03 - Hooraayy- Output two has been mixed Successfully 
24-Mar-20 02:07:03 - User Mixed between Magnitude and Phase with ratio  0.84  1.0
24-Mar-20 02:07:03 - Output two generated and ready to be sent to drawing function!
24-Mar-20 02:07:03 - Hooraayy- Output two has been mixed Successfully 
24-Mar-20 02:07:04 - User Mixed between Magnitude and Phase with ratio  0.82  1.0
24-Mar-20 02:07:04 - Output two generated and ready to be sent to drawing function!
24-Mar-20 02:07:04 - Hooraayy- Output two has been mixed Successfully 
24-Mar-20 02:07:04 - User Mixed between Magnitude and Phase with ratio  0.58  1.0
24-Mar-20 02:07:04 - Output two generated and ready to be sent to drawing function!
24-Mar-20 02:07:04 - Hooraayy- Output two has been mixed Successfully 
24-Mar-20 02:07:04 - User Mixed between Magnitude and Phase with ratio  0.44  1.0
24-Mar-20 02:07:04 - Output two generated and ready to be sent to drawing function!
24-Mar-20 02:07:04 - Hooraayy- Output two has been mixed Successfully 
24-Mar-20 02:07:04 - User Mixed between Magnitude and Phase with ratio  0.53  1.0
24-Mar-20 02:07:04 - Output two generated and ready to be sent to drawing function!
24-Mar-20 02:07:04 - Hooraayy- Output two has been mixed Successfully 
24-Mar-20 02:07:04 - User Mixed between Magnitude and Phase with ratio  0.69  1.0
24-Mar-20 02:07:04 - Output two generated and ready to be sent to drawing function!
24-Mar-20 02:07:04 - Hooraayy- Output two has been mixed Successfully 
24-Mar-20 02:07:04 - User Mixed between Magnitude and Phase with ratio  0.73  1.0
24-Mar-20 02:07:04 - Output two generated and ready to be sent to drawing function!
24-Mar-20 02:07:04 - Hooraayy- Output two has been mixed Successfully 
